ERROR - 2024-11-25 07:00:44 --> Error connecting to the database: mysqli_sql_exception: Access denied for user 'root'@'localhost' (using password: YES) in C:\wamp64\www\uas_BasdatWpf\ci4\system\Database\MySQLi\Connection.php:186
Stack trace:
#0 C:\wamp64\www\uas_BasdatWpf\ci4\system\Database\MySQLi\Connection.php(186): mysqli->real_connect('localhost', 'root', Object(SensitiveParameterValue), 'ci4', 3306, '', 0)
#1 C:\wamp64\www\uas_BasdatWpf\ci4\system\Database\BaseConnection.php(421): CodeIgniter\Database\MySQLi\Connection->connect(false)
#2 C:\wamp64\www\uas_BasdatWpf\ci4\system\Database\BaseConnection.php(616): CodeIgniter\Database\BaseConnection->initialize()
#3 C:\wamp64\www\uas_BasdatWpf\ci4\system\Database\BaseBuilder.php(1644): CodeIgniter\Database\BaseConnection->query('SELECT *\nFROM `...', Array, false)
#4 C:\wamp64\www\uas_BasdatWpf\ci4\system\Model.php(286): CodeIgniter\Database\BaseBuilder->get()
#5 C:\wamp64\www\uas_BasdatWpf\ci4\system\BaseModel.php(676): CodeIgniter\Model->doFindAll(0, 0)
#6 C:\wamp64\www\uas_BasdatWpf\ci4\app\Controllers\Lelang.php(15): CodeIgniter\BaseModel->findAll()
#7 C:\wamp64\www\uas_BasdatWpf\ci4\system\CodeIgniter.php(933): App\Controllers\Lelang->index()
#8 C:\wamp64\www\uas_BasdatWpf\ci4\system\CodeIgniter.php(509): CodeIgniter\CodeIgniter->runController(Object(App\Controllers\Lelang))
#9 C:\wamp64\www\uas_BasdatWpf\ci4\system\CodeIgniter.php(355): CodeIgniter\CodeIgniter->handleRequest(NULL, Object(Config\Cache), false)
#10 C:\wamp64\www\uas_BasdatWpf\ci4\system\Boot.php(325): CodeIgniter\CodeIgniter->run()
#11 C:\wamp64\www\uas_BasdatWpf\ci4\system\Boot.php(67): CodeIgniter\Boot::runCodeIgniter(Object(CodeIgniter\CodeIgniter))
#12 C:\wamp64\www\uas_BasdatWpf\ci4\public\index.php(56): CodeIgniter\Boot::bootWeb(Object(Config\Paths))
#13 C:\wamp64\www\uas_BasdatWpf\ci4\system\rewrite.php(44): require_once('C:\\wamp64\\www\\u...')
#14 {main}

Next CodeIgniter\Database\Exceptions\DatabaseException: Access denied for user '****'@'localhost' (using password: YES) in C:\wamp64\www\uas_BasdatWpf\ci4\system\Database\MySQLi\Connection.php:231
Stack trace:
#0 C:\wamp64\www\uas_BasdatWpf\ci4\system\Database\BaseConnection.php(421): CodeIgniter\Database\MySQLi\Connection->connect(false)
#1 C:\wamp64\www\uas_BasdatWpf\ci4\system\Database\BaseConnection.php(616): CodeIgniter\Database\BaseConnection->initialize()
#2 C:\wamp64\www\uas_BasdatWpf\ci4\system\Database\BaseBuilder.php(1644): CodeIgniter\Database\BaseConnection->query('SELECT *\nFROM `...', Array, false)
#3 C:\wamp64\www\uas_BasdatWpf\ci4\system\Model.php(286): CodeIgniter\Database\BaseBuilder->get()
#4 C:\wamp64\www\uas_BasdatWpf\ci4\system\BaseModel.php(676): CodeIgniter\Model->doFindAll(0, 0)
#5 C:\wamp64\www\uas_BasdatWpf\ci4\app\Controllers\Lelang.php(15): CodeIgniter\BaseModel->findAll()
#6 C:\wamp64\www\uas_BasdatWpf\ci4\system\CodeIgniter.php(933): App\Controllers\Lelang->index()
#7 C:\wamp64\www\uas_BasdatWpf\ci4\system\CodeIgniter.php(509): CodeIgniter\CodeIgniter->runController(Object(App\Controllers\Lelang))
#8 C:\wamp64\www\uas_BasdatWpf\ci4\system\CodeIgniter.php(355): CodeIgniter\CodeIgniter->handleRequest(NULL, Object(Config\Cache), false)
#9 C:\wamp64\www\uas_BasdatWpf\ci4\system\Boot.php(325): CodeIgniter\CodeIgniter->run()
#10 C:\wamp64\www\uas_BasdatWpf\ci4\system\Boot.php(67): CodeIgniter\Boot::runCodeIgniter(Object(CodeIgniter\CodeIgniter))
#11 C:\wamp64\www\uas_BasdatWpf\ci4\public\index.php(56): CodeIgniter\Boot::bootWeb(Object(Config\Paths))
#12 C:\wamp64\www\uas_BasdatWpf\ci4\system\rewrite.php(44): require_once('C:\\wamp64\\www\\u...')
#13 {main}
CRITICAL - 2024-11-25 07:00:44 --> CodeIgniter\Database\Exceptions\DatabaseException: Unable to connect to the database.
Main connection [MySQLi]: Access denied for user '****'@'localhost' (using password: YES)
[Method: GET, Route: /]
in SYSTEMPATH\Database\BaseConnection.php on line 467.
 1 SYSTEMPATH\Database\BaseConnection.php(616): CodeIgniter\Database\BaseConnection->initialize()
 2 SYSTEMPATH\Database\BaseBuilder.php(1644): CodeIgniter\Database\BaseConnection->query('SELECT *
FROM `items`', [], false)
 3 SYSTEMPATH\Model.php(286): CodeIgniter\Database\BaseBuilder->get()
 4 SYSTEMPATH\BaseModel.php(676): CodeIgniter\Model->doFindAll(0, 0)
 5 APPPATH\Controllers\Lelang.php(15): CodeIgniter\BaseModel->findAll()
 6 SYSTEMPATH\CodeIgniter.php(933): App\Controllers\Lelang->index()
 7 SYSTEMPATH\CodeIgniter.php(509): CodeIgniter\CodeIgniter->runController(Object(App\Controllers\Lelang))
 8 SYSTEMPATH\CodeIgniter.php(355): CodeIgniter\CodeIgniter->handleRequest(null, Object(Config\Cache), false)
 9 SYSTEMPATH\Boot.php(325): CodeIgniter\CodeIgniter->run()
10 SYSTEMPATH\Boot.php(67): CodeIgniter\Boot::runCodeIgniter(Object(CodeIgniter\CodeIgniter))
11 FCPATH\index.php(56): CodeIgniter\Boot::bootWeb(Object(Config\Paths))
12 SYSTEMPATH\rewrite.php(44): require_once('C:\\wamp64\\www\\uas_BasdatWpf\\ci4\\public\\index.php')
ERROR - 2024-11-25 07:01:29 --> Error connecting to the database: mysqli_sql_exception: Access denied for user 'root'@'localhost' (using password: YES) in C:\wamp64\www\uas_BasdatWpf\ci4\system\Database\MySQLi\Connection.php:186
Stack trace:
#0 C:\wamp64\www\uas_BasdatWpf\ci4\system\Database\MySQLi\Connection.php(186): mysqli->real_connect('localhost', 'root', Object(SensitiveParameterValue), 'ci4', 3306, '', 0)
#1 C:\wamp64\www\uas_BasdatWpf\ci4\system\Database\BaseConnection.php(421): CodeIgniter\Database\MySQLi\Connection->connect(false)
#2 C:\wamp64\www\uas_BasdatWpf\ci4\system\Database\BaseConnection.php(616): CodeIgniter\Database\BaseConnection->initialize()
#3 C:\wamp64\www\uas_BasdatWpf\ci4\system\Database\BaseBuilder.php(1644): CodeIgniter\Database\BaseConnection->query('SELECT *\nFROM `...', Array, false)
#4 C:\wamp64\www\uas_BasdatWpf\ci4\system\Model.php(286): CodeIgniter\Database\BaseBuilder->get()
#5 C:\wamp64\www\uas_BasdatWpf\ci4\system\BaseModel.php(676): CodeIgniter\Model->doFindAll(0, 0)
#6 C:\wamp64\www\uas_BasdatWpf\ci4\app\Controllers\Lelang.php(15): CodeIgniter\BaseModel->findAll()
#7 C:\wamp64\www\uas_BasdatWpf\ci4\system\CodeIgniter.php(933): App\Controllers\Lelang->index()
#8 C:\wamp64\www\uas_BasdatWpf\ci4\system\CodeIgniter.php(509): CodeIgniter\CodeIgniter->runController(Object(App\Controllers\Lelang))
#9 C:\wamp64\www\uas_BasdatWpf\ci4\system\CodeIgniter.php(355): CodeIgniter\CodeIgniter->handleRequest(NULL, Object(Config\Cache), false)
#10 C:\wamp64\www\uas_BasdatWpf\ci4\system\Boot.php(325): CodeIgniter\CodeIgniter->run()
#11 C:\wamp64\www\uas_BasdatWpf\ci4\system\Boot.php(67): CodeIgniter\Boot::runCodeIgniter(Object(CodeIgniter\CodeIgniter))
#12 C:\wamp64\www\uas_BasdatWpf\ci4\public\index.php(56): CodeIgniter\Boot::bootWeb(Object(Config\Paths))
#13 C:\wamp64\www\uas_BasdatWpf\ci4\system\rewrite.php(44): require_once('C:\\wamp64\\www\\u...')
#14 {main}

Next CodeIgniter\Database\Exceptions\DatabaseException: Access denied for user '****'@'localhost' (using password: YES) in C:\wamp64\www\uas_BasdatWpf\ci4\system\Database\MySQLi\Connection.php:231
Stack trace:
#0 C:\wamp64\www\uas_BasdatWpf\ci4\system\Database\BaseConnection.php(421): CodeIgniter\Database\MySQLi\Connection->connect(false)
#1 C:\wamp64\www\uas_BasdatWpf\ci4\system\Database\BaseConnection.php(616): CodeIgniter\Database\BaseConnection->initialize()
#2 C:\wamp64\www\uas_BasdatWpf\ci4\system\Database\BaseBuilder.php(1644): CodeIgniter\Database\BaseConnection->query('SELECT *\nFROM `...', Array, false)
#3 C:\wamp64\www\uas_BasdatWpf\ci4\system\Model.php(286): CodeIgniter\Database\BaseBuilder->get()
#4 C:\wamp64\www\uas_BasdatWpf\ci4\system\BaseModel.php(676): CodeIgniter\Model->doFindAll(0, 0)
#5 C:\wamp64\www\uas_BasdatWpf\ci4\app\Controllers\Lelang.php(15): CodeIgniter\BaseModel->findAll()
#6 C:\wamp64\www\uas_BasdatWpf\ci4\system\CodeIgniter.php(933): App\Controllers\Lelang->index()
#7 C:\wamp64\www\uas_BasdatWpf\ci4\system\CodeIgniter.php(509): CodeIgniter\CodeIgniter->runController(Object(App\Controllers\Lelang))
#8 C:\wamp64\www\uas_BasdatWpf\ci4\system\CodeIgniter.php(355): CodeIgniter\CodeIgniter->handleRequest(NULL, Object(Config\Cache), false)
#9 C:\wamp64\www\uas_BasdatWpf\ci4\system\Boot.php(325): CodeIgniter\CodeIgniter->run()
#10 C:\wamp64\www\uas_BasdatWpf\ci4\system\Boot.php(67): CodeIgniter\Boot::runCodeIgniter(Object(CodeIgniter\CodeIgniter))
#11 C:\wamp64\www\uas_BasdatWpf\ci4\public\index.php(56): CodeIgniter\Boot::bootWeb(Object(Config\Paths))
#12 C:\wamp64\www\uas_BasdatWpf\ci4\system\rewrite.php(44): require_once('C:\\wamp64\\www\\u...')
#13 {main}
CRITICAL - 2024-11-25 07:01:29 --> CodeIgniter\Database\Exceptions\DatabaseException: Unable to connect to the database.
Main connection [MySQLi]: Access denied for user '****'@'localhost' (using password: YES)
[Method: GET, Route: lelang]
in SYSTEMPATH\Database\BaseConnection.php on line 467.
 1 SYSTEMPATH\Database\BaseConnection.php(616): CodeIgniter\Database\BaseConnection->initialize()
 2 SYSTEMPATH\Database\BaseBuilder.php(1644): CodeIgniter\Database\BaseConnection->query('SELECT *
FROM `items`', [], false)
 3 SYSTEMPATH\Model.php(286): CodeIgniter\Database\BaseBuilder->get()
 4 SYSTEMPATH\BaseModel.php(676): CodeIgniter\Model->doFindAll(0, 0)
 5 APPPATH\Controllers\Lelang.php(15): CodeIgniter\BaseModel->findAll()
 6 SYSTEMPATH\CodeIgniter.php(933): App\Controllers\Lelang->index()
 7 SYSTEMPATH\CodeIgniter.php(509): CodeIgniter\CodeIgniter->runController(Object(App\Controllers\Lelang))
 8 SYSTEMPATH\CodeIgniter.php(355): CodeIgniter\CodeIgniter->handleRequest(null, Object(Config\Cache), false)
 9 SYSTEMPATH\Boot.php(325): CodeIgniter\CodeIgniter->run()
10 SYSTEMPATH\Boot.php(67): CodeIgniter\Boot::runCodeIgniter(Object(CodeIgniter\CodeIgniter))
11 FCPATH\index.php(56): CodeIgniter\Boot::bootWeb(Object(Config\Paths))
12 SYSTEMPATH\rewrite.php(44): require_once('C:\\wamp64\\www\\uas_BasdatWpf\\ci4\\public\\index.php')
CRITICAL - 2024-11-25 07:04:49 --> ErrorException: Undefined variable $items
[Method: GET, Route: lelang/view/1]
in APPPATH\Views\lelang\view.php on line 11.
 1 APPPATH\Views\lelang\view.php(11): CodeIgniter\Debug\Exceptions->errorHandler(2, 'Undefined variable $items', 'C:\\wamp64\\www\\uas_BasdatWpf\\ci4\\app\\Views\\lelang\\view.php', 11)
 2 SYSTEMPATH\View\View.php(234): include('C:\\wamp64\\www\\uas_BasdatWpf\\ci4\\app\\Views\\lelang\\view.php')
 3 SYSTEMPATH\View\View.php(237): CodeIgniter\View\View->CodeIgniter\View\{closure}()
 4 SYSTEMPATH\Common.php(1171): CodeIgniter\View\View->render('lelang/view', [], true)
 5 APPPATH\Controllers\Lelang.php(23): view('lelang/view', [...])
 6 SYSTEMPATH\CodeIgniter.php(933): App\Controllers\Lelang->view('1')
 7 SYSTEMPATH\CodeIgniter.php(509): CodeIgniter\CodeIgniter->runController(Object(App\Controllers\Lelang))
 8 SYSTEMPATH\CodeIgniter.php(355): CodeIgniter\CodeIgniter->handleRequest(null, Object(Config\Cache), false)
 9 SYSTEMPATH\Boot.php(325): CodeIgniter\CodeIgniter->run()
10 SYSTEMPATH\Boot.php(67): CodeIgniter\Boot::runCodeIgniter(Object(CodeIgniter\CodeIgniter))
11 FCPATH\index.php(56): CodeIgniter\Boot::bootWeb(Object(Config\Paths))
12 SYSTEMPATH\rewrite.php(44): require_once('C:\\wamp64\\www\\uas_BasdatWpf\\ci4\\public\\index.php')
CRITICAL - 2024-11-25 07:06:38 --> ErrorException: Undefined variable $items
[Method: GET, Route: lelang/view/1]
in APPPATH\Views\lelang\view.php on line 11.
 1 APPPATH\Views\lelang\view.php(11): CodeIgniter\Debug\Exceptions->errorHandler(2, 'Undefined variable $items', 'C:\\wamp64\\www\\uas_BasdatWpf\\ci4\\app\\Views\\lelang\\view.php', 11)
 2 SYSTEMPATH\View\View.php(234): include('C:\\wamp64\\www\\uas_BasdatWpf\\ci4\\app\\Views\\lelang\\view.php')
 3 SYSTEMPATH\View\View.php(237): CodeIgniter\View\View->CodeIgniter\View\{closure}()
 4 SYSTEMPATH\Common.php(1171): CodeIgniter\View\View->render('lelang/view', [], true)
 5 APPPATH\Controllers\Lelang.php(23): view('lelang/view', [...])
 6 SYSTEMPATH\CodeIgniter.php(933): App\Controllers\Lelang->view('1')
 7 SYSTEMPATH\CodeIgniter.php(509): CodeIgniter\CodeIgniter->runController(Object(App\Controllers\Lelang))
 8 SYSTEMPATH\CodeIgniter.php(355): CodeIgniter\CodeIgniter->handleRequest(null, Object(Config\Cache), false)
 9 SYSTEMPATH\Boot.php(325): CodeIgniter\CodeIgniter->run()
10 SYSTEMPATH\Boot.php(67): CodeIgniter\Boot::runCodeIgniter(Object(CodeIgniter\CodeIgniter))
11 FCPATH\index.php(56): CodeIgniter\Boot::bootWeb(Object(Config\Paths))
12 SYSTEMPATH\rewrite.php(44): require_once('C:\\wamp64\\www\\uas_BasdatWpf\\ci4\\public\\index.php')
CRITICAL - 2024-11-25 07:10:41 --> ErrorException: Undefined variable $items
[Method: GET, Route: lelang/view/1]
in APPPATH\Views\lelang\view.php on line 11.
 1 APPPATH\Views\lelang\view.php(11): CodeIgniter\Debug\Exceptions->errorHandler(2, 'Undefined variable $items', 'C:\\wamp64\\www\\uas_BasdatWpf\\ci4\\app\\Views\\lelang\\view.php', 11)
 2 SYSTEMPATH\View\View.php(234): include('C:\\wamp64\\www\\uas_BasdatWpf\\ci4\\app\\Views\\lelang\\view.php')
 3 SYSTEMPATH\View\View.php(237): CodeIgniter\View\View->CodeIgniter\View\{closure}()
 4 SYSTEMPATH\Common.php(1171): CodeIgniter\View\View->render('lelang/view', [], true)
 5 APPPATH\Controllers\Lelang.php(23): view('lelang/view', [...])
 6 SYSTEMPATH\CodeIgniter.php(933): App\Controllers\Lelang->view('1')
 7 SYSTEMPATH\CodeIgniter.php(509): CodeIgniter\CodeIgniter->runController(Object(App\Controllers\Lelang))
 8 SYSTEMPATH\CodeIgniter.php(355): CodeIgniter\CodeIgniter->handleRequest(null, Object(Config\Cache), false)
 9 SYSTEMPATH\Boot.php(325): CodeIgniter\CodeIgniter->run()
10 SYSTEMPATH\Boot.php(67): CodeIgniter\Boot::runCodeIgniter(Object(CodeIgniter\CodeIgniter))
11 FCPATH\index.php(56): CodeIgniter\Boot::bootWeb(Object(Config\Paths))
12 SYSTEMPATH\rewrite.php(44): require_once('C:\\wamp64\\www\\uas_BasdatWpf\\ci4\\public\\index.php')
CRITICAL - 2024-11-25 07:14:41 --> ErrorException: Undefined variable $items
[Method: GET, Route: lelang/view/1]
in APPPATH\Views\lelang\view.php on line 11.
 1 APPPATH\Views\lelang\view.php(11): CodeIgniter\Debug\Exceptions->errorHandler(2, 'Undefined variable $items', 'C:\\wamp64\\www\\uas_BasdatWpf\\ci4\\app\\Views\\lelang\\view.php', 11)
 2 SYSTEMPATH\View\View.php(234): include('C:\\wamp64\\www\\uas_BasdatWpf\\ci4\\app\\Views\\lelang\\view.php')
 3 SYSTEMPATH\View\View.php(237): CodeIgniter\View\View->CodeIgniter\View\{closure}()
 4 SYSTEMPATH\Common.php(1171): CodeIgniter\View\View->render('lelang/view', [], true)
 5 APPPATH\Controllers\Lelang.php(31): view('lelang/view', [...])
 6 SYSTEMPATH\CodeIgniter.php(933): App\Controllers\Lelang->view('1')
 7 SYSTEMPATH\CodeIgniter.php(509): CodeIgniter\CodeIgniter->runController(Object(App\Controllers\Lelang))
 8 SYSTEMPATH\CodeIgniter.php(355): CodeIgniter\CodeIgniter->handleRequest(null, Object(Config\Cache), false)
 9 SYSTEMPATH\Boot.php(325): CodeIgniter\CodeIgniter->run()
10 SYSTEMPATH\Boot.php(67): CodeIgniter\Boot::runCodeIgniter(Object(CodeIgniter\CodeIgniter))
11 FCPATH\index.php(56): CodeIgniter\Boot::bootWeb(Object(Config\Paths))
12 SYSTEMPATH\rewrite.php(44): require_once('C:\\wamp64\\www\\uas_BasdatWpf\\ci4\\public\\index.php')
INFO - 2024-11-25 07:20:42 --> Session: Class initialized using 'CodeIgniter\Session\Handlers\FileHandler' driver.
INFO - 2024-11-25 07:20:51 --> Session: Class initialized using 'CodeIgniter\Session\Handlers\FileHandler' driver.
INFO - 2024-11-25 07:21:56 --> Session: Class initialized using 'CodeIgniter\Session\Handlers\FileHandler' driver.
CRITICAL - 2024-11-25 07:29:16 --> BadMethodCallException: Call to undefined method App\Models\UserModel::register
[Method: POST, Route: auth/doRegister]
in SYSTEMPATH\Model.php on line 932.
 1 APPPATH\Controllers\Auth.php(22): CodeIgniter\Model->__call('register', [...])
 2 SYSTEMPATH\CodeIgniter.php(933): App\Controllers\Auth->doRegister()
 3 SYSTEMPATH\CodeIgniter.php(509): CodeIgniter\CodeIgniter->runController(Object(App\Controllers\Auth))
 4 SYSTEMPATH\CodeIgniter.php(355): CodeIgniter\CodeIgniter->handleRequest(null, Object(Config\Cache), false)
 5 SYSTEMPATH\Boot.php(325): CodeIgniter\CodeIgniter->run()
 6 SYSTEMPATH\Boot.php(67): CodeIgniter\Boot::runCodeIgniter(Object(CodeIgniter\CodeIgniter))
 7 FCPATH\index.php(56): CodeIgniter\Boot::bootWeb(Object(Config\Paths))
 8 SYSTEMPATH\rewrite.php(44): require_once('C:\\wamp64\\www\\uas_BasdatWpf\\ci4\\public\\index.php')
CRITICAL - 2024-11-25 07:30:15 --> BadMethodCallException: Call to undefined method App\Models\UserModel::register
[Method: POST, Route: auth/doRegister]
in SYSTEMPATH\Model.php on line 932.
 1 APPPATH\Controllers\Auth.php(22): CodeIgniter\Model->__call('register', [...])
 2 SYSTEMPATH\CodeIgniter.php(933): App\Controllers\Auth->doRegister()
 3 SYSTEMPATH\CodeIgniter.php(509): CodeIgniter\CodeIgniter->runController(Object(App\Controllers\Auth))
 4 SYSTEMPATH\CodeIgniter.php(355): CodeIgniter\CodeIgniter->handleRequest(null, Object(Config\Cache), false)
 5 SYSTEMPATH\Boot.php(325): CodeIgniter\CodeIgniter->run()
 6 SYSTEMPATH\Boot.php(67): CodeIgniter\Boot::runCodeIgniter(Object(CodeIgniter\CodeIgniter))
 7 FCPATH\index.php(56): CodeIgniter\Boot::bootWeb(Object(Config\Paths))
 8 SYSTEMPATH\rewrite.php(44): require_once('C:\\wamp64\\www\\uas_BasdatWpf\\ci4\\public\\index.php')
INFO - 2024-11-25 07:32:49 --> Session: Class initialized using 'CodeIgniter\Session\Handlers\FileHandler' driver.
ERROR - 2024-11-25 07:32:59 --> mysqli_sql_exception: Unknown column 'updated_at' in 'field list' in C:\wamp64\www\uas_BasdatWpf\ci4\system\Database\MySQLi\Connection.php:312
Stack trace:
#0 C:\wamp64\www\uas_BasdatWpf\ci4\system\Database\MySQLi\Connection.php(312): mysqli->query('INSERT INTO `us...', 0)
#1 C:\wamp64\www\uas_BasdatWpf\ci4\system\Database\BaseConnection.php(734): CodeIgniter\Database\MySQLi\Connection->execute('INSERT INTO `us...')
#2 C:\wamp64\www\uas_BasdatWpf\ci4\system\Database\BaseConnection.php(648): CodeIgniter\Database\BaseConnection->simpleQuery('INSERT INTO `us...')
#3 C:\wamp64\www\uas_BasdatWpf\ci4\system\Database\BaseBuilder.php(2340): CodeIgniter\Database\BaseConnection->query('INSERT INTO `us...', Array, false)
#4 C:\wamp64\www\uas_BasdatWpf\ci4\system\Model.php(394): CodeIgniter\Database\BaseBuilder->insert()
#5 C:\wamp64\www\uas_BasdatWpf\ci4\system\BaseModel.php(840): CodeIgniter\Model->doInsert(Array)
#6 C:\wamp64\www\uas_BasdatWpf\ci4\system\Model.php(802): CodeIgniter\BaseModel->insert(Array, true)
#7 C:\wamp64\www\uas_BasdatWpf\ci4\app\Controllers\Auth.php(47): CodeIgniter\Model->insert(Array)
#8 C:\wamp64\www\uas_BasdatWpf\ci4\system\CodeIgniter.php(933): App\Controllers\Auth->doRegister()
#9 C:\wamp64\www\uas_BasdatWpf\ci4\system\CodeIgniter.php(509): CodeIgniter\CodeIgniter->runController(Object(App\Controllers\Auth))
#10 C:\wamp64\www\uas_BasdatWpf\ci4\system\CodeIgniter.php(355): CodeIgniter\CodeIgniter->handleRequest(NULL, Object(Config\Cache), false)
#11 C:\wamp64\www\uas_BasdatWpf\ci4\system\Boot.php(325): CodeIgniter\CodeIgniter->run()
#12 C:\wamp64\www\uas_BasdatWpf\ci4\system\Boot.php(67): CodeIgniter\Boot::runCodeIgniter(Object(CodeIgniter\CodeIgniter))
#13 C:\wamp64\www\uas_BasdatWpf\ci4\public\index.php(56): CodeIgniter\Boot::bootWeb(Object(Config\Paths))
#14 C:\wamp64\www\uas_BasdatWpf\ci4\system\rewrite.php(44): require_once('C:\\wamp64\\www\\u...')
#15 {main}
CRITICAL - 2024-11-25 07:32:59 --> CodeIgniter\Database\Exceptions\DatabaseException: Unknown column 'updated_at' in 'field list'
[Method: POST, Route: auth/doRegister]
in SYSTEMPATH\Database\BaseConnection.php on line 688.
 1 SYSTEMPATH\Database\BaseBuilder.php(2340): CodeIgniter\Database\BaseConnection->query('INSERT INTO `users` (`name`, `email`, `password`, `created_at`, `updated_at`) VALUES (:name:, :email:, :password:, :created_at:, :updated_at:)', [...], false)
 2 SYSTEMPATH\Model.php(394): CodeIgniter\Database\BaseBuilder->insert()
 3 SYSTEMPATH\BaseModel.php(840): CodeIgniter\Model->doInsert([...])
 4 SYSTEMPATH\Model.php(802): CodeIgniter\BaseModel->insert([...], true)
 5 APPPATH\Controllers\Auth.php(47): CodeIgniter\Model->insert([...])
 6 SYSTEMPATH\CodeIgniter.php(933): App\Controllers\Auth->doRegister()
 7 SYSTEMPATH\CodeIgniter.php(509): CodeIgniter\CodeIgniter->runController(Object(App\Controllers\Auth))
 8 SYSTEMPATH\CodeIgniter.php(355): CodeIgniter\CodeIgniter->handleRequest(null, Object(Config\Cache), false)
 9 SYSTEMPATH\Boot.php(325): CodeIgniter\CodeIgniter->run()
10 SYSTEMPATH\Boot.php(67): CodeIgniter\Boot::runCodeIgniter(Object(CodeIgniter\CodeIgniter))
11 FCPATH\index.php(56): CodeIgniter\Boot::bootWeb(Object(Config\Paths))
12 SYSTEMPATH\rewrite.php(44): require_once('C:\\wamp64\\www\\uas_BasdatWpf\\ci4\\public\\index.php')
CRITICAL - 2024-11-25 07:32:59 --> [Caused by] CodeIgniter\Database\Exceptions\DatabaseException: Unknown column 'updated_at' in 'field list'
in SYSTEMPATH\Database\MySQLi\Connection.php on line 317.
 1 SYSTEMPATH\Database\BaseConnection.php(734): CodeIgniter\Database\MySQLi\Connection->execute('INSERT INTO `users` (`name`, `email`, `password`, `created_at`, `updated_at`) VALUES (\'yofi\', \'yofi@gmail.com\', \'$2y$10$56lKkBU9rfyspcUK9yd7yurKd9HfQwReyrZjKwDPVqQFAWMcJk/oy\', \'2024-11-25 07:32:59\', \'2024-11-25 07:32:59\')')
 2 SYSTEMPATH\Database\BaseConnection.php(648): CodeIgniter\Database\BaseConnection->simpleQuery('INSERT INTO `users` (`name`, `email`, `password`, `created_at`, `updated_at`) VALUES (\'yofi\', \'yofi@gmail.com\', \'$2y$10$56lKkBU9rfyspcUK9yd7yurKd9HfQwReyrZjKwDPVqQFAWMcJk/oy\', \'2024-11-25 07:32:59\', \'2024-11-25 07:32:59\')')
 3 SYSTEMPATH\Database\BaseBuilder.php(2340): CodeIgniter\Database\BaseConnection->query('INSERT INTO `users` (`name`, `email`, `password`, `created_at`, `updated_at`) VALUES (:name:, :email:, :password:, :created_at:, :updated_at:)', [...], false)
 4 SYSTEMPATH\Model.php(394): CodeIgniter\Database\BaseBuilder->insert()
 5 SYSTEMPATH\BaseModel.php(840): CodeIgniter\Model->doInsert([...])
 6 SYSTEMPATH\Model.php(802): CodeIgniter\BaseModel->insert([...], true)
 7 APPPATH\Controllers\Auth.php(47): CodeIgniter\Model->insert([...])
 8 SYSTEMPATH\CodeIgniter.php(933): App\Controllers\Auth->doRegister()
 9 SYSTEMPATH\CodeIgniter.php(509): CodeIgniter\CodeIgniter->runController(Object(App\Controllers\Auth))
10 SYSTEMPATH\CodeIgniter.php(355): CodeIgniter\CodeIgniter->handleRequest(null, Object(Config\Cache), false)
11 SYSTEMPATH\Boot.php(325): CodeIgniter\CodeIgniter->run()
12 SYSTEMPATH\Boot.php(67): CodeIgniter\Boot::runCodeIgniter(Object(CodeIgniter\CodeIgniter))
13 FCPATH\index.php(56): CodeIgniter\Boot::bootWeb(Object(Config\Paths))
14 SYSTEMPATH\rewrite.php(44): require_once('C:\\wamp64\\www\\uas_BasdatWpf\\ci4\\public\\index.php')
CRITICAL - 2024-11-25 07:32:59 --> [Caused by] mysqli_sql_exception: Unknown column 'updated_at' in 'field list'
in SYSTEMPATH\Database\MySQLi\Connection.php on line 312.
 1 SYSTEMPATH\Database\MySQLi\Connection.php(312): mysqli->query('INSERT INTO `users` (`name`, `email`, `password`, `created_at`, `updated_at`) VALUES (\'yofi\', \'yofi@gmail.com\', \'$2y$10$56lKkBU9rfyspcUK9yd7yurKd9HfQwReyrZjKwDPVqQFAWMcJk/oy\', \'2024-11-25 07:32:59\', \'2024-11-25 07:32:59\')', 0)
 2 SYSTEMPATH\Database\BaseConnection.php(734): CodeIgniter\Database\MySQLi\Connection->execute('INSERT INTO `users` (`name`, `email`, `password`, `created_at`, `updated_at`) VALUES (\'yofi\', \'yofi@gmail.com\', \'$2y$10$56lKkBU9rfyspcUK9yd7yurKd9HfQwReyrZjKwDPVqQFAWMcJk/oy\', \'2024-11-25 07:32:59\', \'2024-11-25 07:32:59\')')
 3 SYSTEMPATH\Database\BaseConnection.php(648): CodeIgniter\Database\BaseConnection->simpleQuery('INSERT INTO `users` (`name`, `email`, `password`, `created_at`, `updated_at`) VALUES (\'yofi\', \'yofi@gmail.com\', \'$2y$10$56lKkBU9rfyspcUK9yd7yurKd9HfQwReyrZjKwDPVqQFAWMcJk/oy\', \'2024-11-25 07:32:59\', \'2024-11-25 07:32:59\')')
 4 SYSTEMPATH\Database\BaseBuilder.php(2340): CodeIgniter\Database\BaseConnection->query('INSERT INTO `users` (`name`, `email`, `password`, `created_at`, `updated_at`) VALUES (:name:, :email:, :password:, :created_at:, :updated_at:)', [...], false)
 5 SYSTEMPATH\Model.php(394): CodeIgniter\Database\BaseBuilder->insert()
 6 SYSTEMPATH\BaseModel.php(840): CodeIgniter\Model->doInsert([...])
 7 SYSTEMPATH\Model.php(802): CodeIgniter\BaseModel->insert([...], true)
 8 APPPATH\Controllers\Auth.php(47): CodeIgniter\Model->insert([...])
 9 SYSTEMPATH\CodeIgniter.php(933): App\Controllers\Auth->doRegister()
10 SYSTEMPATH\CodeIgniter.php(509): CodeIgniter\CodeIgniter->runController(Object(App\Controllers\Auth))
11 SYSTEMPATH\CodeIgniter.php(355): CodeIgniter\CodeIgniter->handleRequest(null, Object(Config\Cache), false)
12 SYSTEMPATH\Boot.php(325): CodeIgniter\CodeIgniter->run()
13 SYSTEMPATH\Boot.php(67): CodeIgniter\Boot::runCodeIgniter(Object(CodeIgniter\CodeIgniter))
14 FCPATH\index.php(56): CodeIgniter\Boot::bootWeb(Object(Config\Paths))
15 SYSTEMPATH\rewrite.php(44): require_once('C:\\wamp64\\www\\uas_BasdatWpf\\ci4\\public\\index.php')
INFO - 2024-11-25 07:35:41 --> Session: Class initialized using 'CodeIgniter\Session\Handlers\FileHandler' driver.
INFO - 2024-11-25 07:35:48 --> Session: Class initialized using 'CodeIgniter\Session\Handlers\FileHandler' driver.
INFO - 2024-11-25 07:35:48 --> Session: Class initialized using 'CodeIgniter\Session\Handlers\FileHandler' driver.
INFO - 2024-11-25 07:35:56 --> Session: Class initialized using 'CodeIgniter\Session\Handlers\FileHandler' driver.
INFO - 2024-11-25 07:36:03 --> Session: Class initialized using 'CodeIgniter\Session\Handlers\FileHandler' driver.
ERROR - 2024-11-25 07:36:03 --> mysqli_sql_exception: Unknown column 'updated_at' in 'field list' in C:\wamp64\www\uas_BasdatWpf\ci4\system\Database\MySQLi\Connection.php:312
Stack trace:
#0 C:\wamp64\www\uas_BasdatWpf\ci4\system\Database\MySQLi\Connection.php(312): mysqli->query('INSERT INTO `bi...', 0)
#1 C:\wamp64\www\uas_BasdatWpf\ci4\system\Database\BaseConnection.php(734): CodeIgniter\Database\MySQLi\Connection->execute('INSERT INTO `bi...')
#2 C:\wamp64\www\uas_BasdatWpf\ci4\system\Database\BaseConnection.php(648): CodeIgniter\Database\BaseConnection->simpleQuery('INSERT INTO `bi...')
#3 C:\wamp64\www\uas_BasdatWpf\ci4\system\Database\BaseBuilder.php(2340): CodeIgniter\Database\BaseConnection->query('INSERT INTO `bi...', Array, false)
#4 C:\wamp64\www\uas_BasdatWpf\ci4\system\Model.php(394): CodeIgniter\Database\BaseBuilder->insert()
#5 C:\wamp64\www\uas_BasdatWpf\ci4\system\BaseModel.php(840): CodeIgniter\Model->doInsert(Array)
#6 C:\wamp64\www\uas_BasdatWpf\ci4\system\Model.php(802): CodeIgniter\BaseModel->insert(Array, false)
#7 C:\wamp64\www\uas_BasdatWpf\ci4\system\BaseModel.php(751): CodeIgniter\Model->insert(Array, false)
#8 C:\wamp64\www\uas_BasdatWpf\ci4\app\Controllers\Lelang.php(47): CodeIgniter\BaseModel->save(Array)
#9 C:\wamp64\www\uas_BasdatWpf\ci4\system\CodeIgniter.php(933): App\Controllers\Lelang->placeBid('1')
#10 C:\wamp64\www\uas_BasdatWpf\ci4\system\CodeIgniter.php(509): CodeIgniter\CodeIgniter->runController(Object(App\Controllers\Lelang))
#11 C:\wamp64\www\uas_BasdatWpf\ci4\system\CodeIgniter.php(355): CodeIgniter\CodeIgniter->handleRequest(NULL, Object(Config\Cache), false)
#12 C:\wamp64\www\uas_BasdatWpf\ci4\system\Boot.php(325): CodeIgniter\CodeIgniter->run()
#13 C:\wamp64\www\uas_BasdatWpf\ci4\system\Boot.php(67): CodeIgniter\Boot::runCodeIgniter(Object(CodeIgniter\CodeIgniter))
#14 C:\wamp64\www\uas_BasdatWpf\ci4\public\index.php(56): CodeIgniter\Boot::bootWeb(Object(Config\Paths))
#15 C:\wamp64\www\uas_BasdatWpf\ci4\system\rewrite.php(44): require_once('C:\\wamp64\\www\\u...')
#16 {main}
CRITICAL - 2024-11-25 07:36:03 --> CodeIgniter\Database\Exceptions\DatabaseException: Unknown column 'updated_at' in 'field list'
[Method: POST, Route: lelang/placeBid/1]
in SYSTEMPATH\Database\BaseConnection.php on line 688.
 1 SYSTEMPATH\Database\BaseBuilder.php(2340): CodeIgniter\Database\BaseConnection->query('INSERT INTO `bids` (`user_id`, `item_id`, `bid_amount`, `created_at`, `updated_at`) VALUES (:user_id:, :item_id:, :bid_amount:, :created_at:, :updated_at:)', [...], false)
 2 SYSTEMPATH\Model.php(394): CodeIgniter\Database\BaseBuilder->insert()
 3 SYSTEMPATH\BaseModel.php(840): CodeIgniter\Model->doInsert([...])
 4 SYSTEMPATH\Model.php(802): CodeIgniter\BaseModel->insert([...], false)
 5 SYSTEMPATH\BaseModel.php(751): CodeIgniter\Model->insert([...], false)
 6 APPPATH\Controllers\Lelang.php(47): CodeIgniter\BaseModel->save([...])
 7 SYSTEMPATH\CodeIgniter.php(933): App\Controllers\Lelang->placeBid('1')
 8 SYSTEMPATH\CodeIgniter.php(509): CodeIgniter\CodeIgniter->runController(Object(App\Controllers\Lelang))
 9 SYSTEMPATH\CodeIgniter.php(355): CodeIgniter\CodeIgniter->handleRequest(null, Object(Config\Cache), false)
10 SYSTEMPATH\Boot.php(325): CodeIgniter\CodeIgniter->run()
11 SYSTEMPATH\Boot.php(67): CodeIgniter\Boot::runCodeIgniter(Object(CodeIgniter\CodeIgniter))
12 FCPATH\index.php(56): CodeIgniter\Boot::bootWeb(Object(Config\Paths))
13 SYSTEMPATH\rewrite.php(44): require_once('C:\\wamp64\\www\\uas_BasdatWpf\\ci4\\public\\index.php')
CRITICAL - 2024-11-25 07:36:03 --> [Caused by] CodeIgniter\Database\Exceptions\DatabaseException: Unknown column 'updated_at' in 'field list'
in SYSTEMPATH\Database\MySQLi\Connection.php on line 317.
 1 SYSTEMPATH\Database\BaseConnection.php(734): CodeIgniter\Database\MySQLi\Connection->execute('INSERT INTO `bids` (`user_id`, `item_id`, `bid_amount`, `created_at`, `updated_at`) VALUES (\'4\', \'1\', \'600\', \'2024-11-25 07:36:03\', \'2024-11-25 07:36:03\')')
 2 SYSTEMPATH\Database\BaseConnection.php(648): CodeIgniter\Database\BaseConnection->simpleQuery('INSERT INTO `bids` (`user_id`, `item_id`, `bid_amount`, `created_at`, `updated_at`) VALUES (\'4\', \'1\', \'600\', \'2024-11-25 07:36:03\', \'2024-11-25 07:36:03\')')
 3 SYSTEMPATH\Database\BaseBuilder.php(2340): CodeIgniter\Database\BaseConnection->query('INSERT INTO `bids` (`user_id`, `item_id`, `bid_amount`, `created_at`, `updated_at`) VALUES (:user_id:, :item_id:, :bid_amount:, :created_at:, :updated_at:)', [...], false)
 4 SYSTEMPATH\Model.php(394): CodeIgniter\Database\BaseBuilder->insert()
 5 SYSTEMPATH\BaseModel.php(840): CodeIgniter\Model->doInsert([...])
 6 SYSTEMPATH\Model.php(802): CodeIgniter\BaseModel->insert([...], false)
 7 SYSTEMPATH\BaseModel.php(751): CodeIgniter\Model->insert([...], false)
 8 APPPATH\Controllers\Lelang.php(47): CodeIgniter\BaseModel->save([...])
 9 SYSTEMPATH\CodeIgniter.php(933): App\Controllers\Lelang->placeBid('1')
10 SYSTEMPATH\CodeIgniter.php(509): CodeIgniter\CodeIgniter->runController(Object(App\Controllers\Lelang))
11 SYSTEMPATH\CodeIgniter.php(355): CodeIgniter\CodeIgniter->handleRequest(null, Object(Config\Cache), false)
12 SYSTEMPATH\Boot.php(325): CodeIgniter\CodeIgniter->run()
13 SYSTEMPATH\Boot.php(67): CodeIgniter\Boot::runCodeIgniter(Object(CodeIgniter\CodeIgniter))
14 FCPATH\index.php(56): CodeIgniter\Boot::bootWeb(Object(Config\Paths))
15 SYSTEMPATH\rewrite.php(44): require_once('C:\\wamp64\\www\\uas_BasdatWpf\\ci4\\public\\index.php')
CRITICAL - 2024-11-25 07:36:03 --> [Caused by] mysqli_sql_exception: Unknown column 'updated_at' in 'field list'
in SYSTEMPATH\Database\MySQLi\Connection.php on line 312.
 1 SYSTEMPATH\Database\MySQLi\Connection.php(312): mysqli->query('INSERT INTO `bids` (`user_id`, `item_id`, `bid_amount`, `created_at`, `updated_at`) VALUES (\'4\', \'1\', \'600\', \'2024-11-25 07:36:03\', \'2024-11-25 07:36:03\')', 0)
 2 SYSTEMPATH\Database\BaseConnection.php(734): CodeIgniter\Database\MySQLi\Connection->execute('INSERT INTO `bids` (`user_id`, `item_id`, `bid_amount`, `created_at`, `updated_at`) VALUES (\'4\', \'1\', \'600\', \'2024-11-25 07:36:03\', \'2024-11-25 07:36:03\')')
 3 SYSTEMPATH\Database\BaseConnection.php(648): CodeIgniter\Database\BaseConnection->simpleQuery('INSERT INTO `bids` (`user_id`, `item_id`, `bid_amount`, `created_at`, `updated_at`) VALUES (\'4\', \'1\', \'600\', \'2024-11-25 07:36:03\', \'2024-11-25 07:36:03\')')
 4 SYSTEMPATH\Database\BaseBuilder.php(2340): CodeIgniter\Database\BaseConnection->query('INSERT INTO `bids` (`user_id`, `item_id`, `bid_amount`, `created_at`, `updated_at`) VALUES (:user_id:, :item_id:, :bid_amount:, :created_at:, :updated_at:)', [...], false)
 5 SYSTEMPATH\Model.php(394): CodeIgniter\Database\BaseBuilder->insert()
 6 SYSTEMPATH\BaseModel.php(840): CodeIgniter\Model->doInsert([...])
 7 SYSTEMPATH\Model.php(802): CodeIgniter\BaseModel->insert([...], false)
 8 SYSTEMPATH\BaseModel.php(751): CodeIgniter\Model->insert([...], false)
 9 APPPATH\Controllers\Lelang.php(47): CodeIgniter\BaseModel->save([...])
10 SYSTEMPATH\CodeIgniter.php(933): App\Controllers\Lelang->placeBid('1')
11 SYSTEMPATH\CodeIgniter.php(509): CodeIgniter\CodeIgniter->runController(Object(App\Controllers\Lelang))
12 SYSTEMPATH\CodeIgniter.php(355): CodeIgniter\CodeIgniter->handleRequest(null, Object(Config\Cache), false)
13 SYSTEMPATH\Boot.php(325): CodeIgniter\CodeIgniter->run()
14 SYSTEMPATH\Boot.php(67): CodeIgniter\Boot::runCodeIgniter(Object(CodeIgniter\CodeIgniter))
15 FCPATH\index.php(56): CodeIgniter\Boot::bootWeb(Object(Config\Paths))
16 SYSTEMPATH\rewrite.php(44): require_once('C:\\wamp64\\www\\uas_BasdatWpf\\ci4\\public\\index.php')
INFO - 2024-11-25 07:39:49 --> Session: Class initialized using 'CodeIgniter\Session\Handlers\FileHandler' driver.
CRITICAL - 2024-11-25 07:45:10 --> ErrorException: Undefined variable $highestBid
[Method: GET, Route: lelang/view/1]
in APPPATH\Views\lelang\view.php on line 17.
 1 APPPATH\Views\lelang\view.php(17): CodeIgniter\Debug\Exceptions->errorHandler(2, 'Undefined variable $highestBid', 'C:\\wamp64\\www\\uas_BasdatWpf\\ci4\\app\\Views\\lelang\\view.php', 17)
 2 SYSTEMPATH\View\View.php(234): include('C:\\wamp64\\www\\uas_BasdatWpf\\ci4\\app\\Views\\lelang\\view.php')
 3 SYSTEMPATH\View\View.php(237): CodeIgniter\View\View->CodeIgniter\View\{closure}()
 4 SYSTEMPATH\Common.php(1171): CodeIgniter\View\View->render('lelang/view', [], true)
 5 APPPATH\Controllers\Lelang.php(42): view('lelang/view', [...])
 6 SYSTEMPATH\CodeIgniter.php(933): App\Controllers\Lelang->view('1')
 7 SYSTEMPATH\CodeIgniter.php(509): CodeIgniter\CodeIgniter->runController(Object(App\Controllers\Lelang))
 8 SYSTEMPATH\CodeIgniter.php(355): CodeIgniter\CodeIgniter->handleRequest(null, Object(Config\Cache), false)
 9 SYSTEMPATH\Boot.php(325): CodeIgniter\CodeIgniter->run()
10 SYSTEMPATH\Boot.php(67): CodeIgniter\Boot::runCodeIgniter(Object(CodeIgniter\CodeIgniter))
11 FCPATH\index.php(56): CodeIgniter\Boot::bootWeb(Object(Config\Paths))
12 SYSTEMPATH\rewrite.php(44): require_once('C:\\wamp64\\www\\uas_BasdatWpf\\ci4\\public\\index.php')
INFO - 2024-11-25 07:54:02 --> Session: Class initialized using 'CodeIgniter\Session\Handlers\FileHandler' driver.
INFO - 2024-11-25 07:54:05 --> Session: Class initialized using 'CodeIgniter\Session\Handlers\FileHandler' driver.
INFO - 2024-11-25 07:54:05 --> Session: Class initialized using 'CodeIgniter\Session\Handlers\FileHandler' driver.
INFO - 2024-11-25 07:58:31 --> Session: Class initialized using 'CodeIgniter\Session\Handlers\FileHandler' driver.
INFO - 2024-11-25 07:58:31 --> Session: Class initialized using 'CodeIgniter\Session\Handlers\FileHandler' driver.
INFO - 2024-11-25 08:36:29 --> Session: Class initialized using 'CodeIgniter\Session\Handlers\FileHandler' driver.
INFO - 2024-11-25 08:36:29 --> Session: Class initialized using 'CodeIgniter\Session\Handlers\FileHandler' driver.
INFO - 2024-11-25 09:44:08 --> Session: Class initialized using 'CodeIgniter\Session\Handlers\FileHandler' driver.
INFO - 2024-11-25 09:45:27 --> Session: Class initialized using 'CodeIgniter\Session\Handlers\FileHandler' driver.
INFO - 2024-11-25 09:49:55 --> Session: Class initialized using 'CodeIgniter\Session\Handlers\FileHandler' driver.
INFO - 2024-11-25 09:50:10 --> Session: Class initialized using 'CodeIgniter\Session\Handlers\FileHandler' driver.
INFO - 2024-11-25 09:50:16 --> Session: Class initialized using 'CodeIgniter\Session\Handlers\FileHandler' driver.
INFO - 2024-11-25 10:02:46 --> Session: Class initialized using 'CodeIgniter\Session\Handlers\FileHandler' driver.
INFO - 2024-11-25 10:02:52 --> Session: Class initialized using 'CodeIgniter\Session\Handlers\FileHandler' driver.
INFO - 2024-11-25 10:05:41 --> Session: Class initialized using 'CodeIgniter\Session\Handlers\FileHandler' driver.
INFO - 2024-11-25 10:05:48 --> Session: Class initialized using 'CodeIgniter\Session\Handlers\FileHandler' driver.
CRITICAL - 2024-11-25 10:06:11 --> Error: Call to undefined function set_value()
[Method: GET, Route: products/create]
in APPPATH\Views\products\create_product.php on line 12.
 1 SYSTEMPATH\View\View.php(234): include()
 2 SYSTEMPATH\View\View.php(237): CodeIgniter\View\View->CodeIgniter\View\{closure}()
 3 SYSTEMPATH\Common.php(1171): CodeIgniter\View\View->render('products/create_product', [], true)
 4 APPPATH\Controllers\Products.php(12): view('products/create_product')
 5 SYSTEMPATH\CodeIgniter.php(933): App\Controllers\Products->create()
 6 SYSTEMPATH\CodeIgniter.php(509): CodeIgniter\CodeIgniter->runController(Object(App\Controllers\Products))
 7 SYSTEMPATH\CodeIgniter.php(355): CodeIgniter\CodeIgniter->handleRequest(null, Object(Config\Cache), false)
 8 SYSTEMPATH\Boot.php(325): CodeIgniter\CodeIgniter->run()
 9 SYSTEMPATH\Boot.php(67): CodeIgniter\Boot::runCodeIgniter(Object(CodeIgniter\CodeIgniter))
10 FCPATH\index.php(56): CodeIgniter\Boot::bootWeb(Object(Config\Paths))
11 SYSTEMPATH\rewrite.php(44): require_once('C:\\wamp64\\www\\uas_BasdatWpf\\ci4\\public\\index.php')
INFO - 2024-11-25 10:07:19 --> Session: Class initialized using 'CodeIgniter\Session\Handlers\FileHandler' driver.
INFO - 2024-11-25 10:07:20 --> Session: Class initialized using 'CodeIgniter\Session\Handlers\FileHandler' driver.
INFO - 2024-11-25 10:08:04 --> Session: Class initialized using 'CodeIgniter\Session\Handlers\FileHandler' driver.
INFO - 2024-11-25 10:08:04 --> Session: Class initialized using 'CodeIgniter\Session\Handlers\FileHandler' driver.
INFO - 2024-11-25 10:08:10 --> Session: Class initialized using 'CodeIgniter\Session\Handlers\FileHandler' driver.
INFO - 2024-11-25 10:08:41 --> Session: Class initialized using 'CodeIgniter\Session\Handlers\FileHandler' driver.
INFO - 2024-11-25 10:11:37 --> Session: Class initialized using 'CodeIgniter\Session\Handlers\FileHandler' driver.
INFO - 2024-11-25 10:22:03 --> Session: Class initialized using 'CodeIgniter\Session\Handlers\FileHandler' driver.
CRITICAL - 2024-11-25 10:22:34 --> Error: Class "App\Controllers\TransactionModel" not found
[Method: GET, Route: profile/history]
in APPPATH\Controllers\Profile.php on line 26.
 1 SYSTEMPATH\CodeIgniter.php(933): App\Controllers\Profile->history()
 2 SYSTEMPATH\CodeIgniter.php(509): CodeIgniter\CodeIgniter->runController(Object(App\Controllers\Profile))
 3 SYSTEMPATH\CodeIgniter.php(355): CodeIgniter\CodeIgniter->handleRequest(null, Object(Config\Cache), false)
 4 SYSTEMPATH\Boot.php(325): CodeIgniter\CodeIgniter->run()
 5 SYSTEMPATH\Boot.php(67): CodeIgniter\Boot::runCodeIgniter(Object(CodeIgniter\CodeIgniter))
 6 FCPATH\index.php(56): CodeIgniter\Boot::bootWeb(Object(Config\Paths))
 7 SYSTEMPATH\rewrite.php(44): require_once('C:\\wamp64\\www\\uas_BasdatWpf\\ci4\\public\\index.php')
CRITICAL - 2024-11-25 10:24:42 --> ErrorException: Undefined array key "end_time"
[Method: GET, Route: lelang/view/1]
in APPPATH\Controllers\Lelang.php on line 38.
 1 APPPATH\Controllers\Lelang.php(38): CodeIgniter\Debug\Exceptions->errorHandler(2, 'Undefined array key "end_time"', 'C:\\wamp64\\www\\uas_BasdatWpf\\ci4\\app\\Controllers\\Lelang.php', 38)
 2 SYSTEMPATH\CodeIgniter.php(933): App\Controllers\Lelang->view('1')
 3 SYSTEMPATH\CodeIgniter.php(509): CodeIgniter\CodeIgniter->runController(Object(App\Controllers\Lelang))
 4 SYSTEMPATH\CodeIgniter.php(355): CodeIgniter\CodeIgniter->handleRequest(null, Object(Config\Cache), false)
 5 SYSTEMPATH\Boot.php(325): CodeIgniter\CodeIgniter->run()
 6 SYSTEMPATH\Boot.php(67): CodeIgniter\Boot::runCodeIgniter(Object(CodeIgniter\CodeIgniter))
 7 FCPATH\index.php(56): CodeIgniter\Boot::bootWeb(Object(Config\Paths))
 8 SYSTEMPATH\rewrite.php(44): require_once('C:\\wamp64\\www\\uas_BasdatWpf\\ci4\\public\\index.php')
CRITICAL - 2024-11-25 10:28:16 --> ErrorException: Undefined array key "end_time"
[Method: GET, Route: lelang/view/1]
in APPPATH\Controllers\Lelang.php on line 38.
 1 APPPATH\Controllers\Lelang.php(38): CodeIgniter\Debug\Exceptions->errorHandler(2, 'Undefined array key "end_time"', 'C:\\wamp64\\www\\uas_BasdatWpf\\ci4\\app\\Controllers\\Lelang.php', 38)
 2 SYSTEMPATH\CodeIgniter.php(933): App\Controllers\Lelang->view('1')
 3 SYSTEMPATH\CodeIgniter.php(509): CodeIgniter\CodeIgniter->runController(Object(App\Controllers\Lelang))
 4 SYSTEMPATH\CodeIgniter.php(355): CodeIgniter\CodeIgniter->handleRequest(null, Object(Config\Cache), false)
 5 SYSTEMPATH\Boot.php(325): CodeIgniter\CodeIgniter->run()
 6 SYSTEMPATH\Boot.php(67): CodeIgniter\Boot::runCodeIgniter(Object(CodeIgniter\CodeIgniter))
 7 FCPATH\index.php(56): CodeIgniter\Boot::bootWeb(Object(Config\Paths))
 8 SYSTEMPATH\rewrite.php(44): require_once('C:\\wamp64\\www\\uas_BasdatWpf\\ci4\\public\\index.php')
CRITICAL - 2024-11-25 10:28:18 --> Error: Class "App\Controllers\TransactionModel" not found
[Method: GET, Route: profile/history]
in APPPATH\Controllers\Profile.php on line 26.
 1 SYSTEMPATH\CodeIgniter.php(933): App\Controllers\Profile->history()
 2 SYSTEMPATH\CodeIgniter.php(509): CodeIgniter\CodeIgniter->runController(Object(App\Controllers\Profile))
 3 SYSTEMPATH\CodeIgniter.php(355): CodeIgniter\CodeIgniter->handleRequest(null, Object(Config\Cache), false)
 4 SYSTEMPATH\Boot.php(325): CodeIgniter\CodeIgniter->run()
 5 SYSTEMPATH\Boot.php(67): CodeIgniter\Boot::runCodeIgniter(Object(CodeIgniter\CodeIgniter))
 6 FCPATH\index.php(56): CodeIgniter\Boot::bootWeb(Object(Config\Paths))
 7 SYSTEMPATH\rewrite.php(44): require_once('C:\\wamp64\\www\\uas_BasdatWpf\\ci4\\public\\index.php')
CRITICAL - 2024-11-25 10:31:16 --> Error: Class "App\Controllers\TransactionModel" not found
[Method: GET, Route: profile/history]
in APPPATH\Controllers\Profile.php on line 26.
 1 SYSTEMPATH\CodeIgniter.php(933): App\Controllers\Profile->history()
 2 SYSTEMPATH\CodeIgniter.php(509): CodeIgniter\CodeIgniter->runController(Object(App\Controllers\Profile))
 3 SYSTEMPATH\CodeIgniter.php(355): CodeIgniter\CodeIgniter->handleRequest(null, Object(Config\Cache), false)
 4 SYSTEMPATH\Boot.php(325): CodeIgniter\CodeIgniter->run()
 5 SYSTEMPATH\Boot.php(67): CodeIgniter\Boot::runCodeIgniter(Object(CodeIgniter\CodeIgniter))
 6 FCPATH\index.php(56): CodeIgniter\Boot::bootWeb(Object(Config\Paths))
 7 SYSTEMPATH\rewrite.php(44): require_once('C:\\wamp64\\www\\uas_BasdatWpf\\ci4\\public\\index.php')
CRITICAL - 2024-11-25 10:31:18 --> Error: Class "App\Controllers\TransactionModel" not found
[Method: GET, Route: profile/history]
in APPPATH\Controllers\Profile.php on line 26.
 1 SYSTEMPATH\CodeIgniter.php(933): App\Controllers\Profile->history()
 2 SYSTEMPATH\CodeIgniter.php(509): CodeIgniter\CodeIgniter->runController(Object(App\Controllers\Profile))
 3 SYSTEMPATH\CodeIgniter.php(355): CodeIgniter\CodeIgniter->handleRequest(null, Object(Config\Cache), false)
 4 SYSTEMPATH\Boot.php(325): CodeIgniter\CodeIgniter->run()
 5 SYSTEMPATH\Boot.php(67): CodeIgniter\Boot::runCodeIgniter(Object(CodeIgniter\CodeIgniter))
 6 FCPATH\index.php(56): CodeIgniter\Boot::bootWeb(Object(Config\Paths))
 7 SYSTEMPATH\rewrite.php(44): require_once('C:\\wamp64\\www\\uas_BasdatWpf\\ci4\\public\\index.php')
