CRITICAL - 2024-11-26 00:18:33 --> ErrorException: Undefined array key "end_time"
[Method: GET, Route: lelang/view/1]
in APPPATH\Controllers\Lelang.php on line 38.
 1 APPPATH\Controllers\Lelang.php(38): CodeIgniter\Debug\Exceptions->errorHandler(2, 'Undefined array key "end_time"', 'C:\\wamp64\\www\\uas_BasdatWpf\\ci4\\app\\Controllers\\Lelang.php', 38)
 2 SYSTEMPATH\CodeIgniter.php(933): App\Controllers\Lelang->view('1')
 3 SYSTEMPATH\CodeIgniter.php(509): CodeIgniter\CodeIgniter->runController(Object(App\Controllers\Lelang))
 4 SYSTEMPATH\CodeIgniter.php(355): CodeIgniter\CodeIgniter->handleRequest(null, Object(Config\Cache), false)
 5 SYSTEMPATH\Boot.php(325): CodeIgniter\CodeIgniter->run()
 6 SYSTEMPATH\Boot.php(67): CodeIgniter\Boot::runCodeIgniter(Object(CodeIgniter\CodeIgniter))
 7 FCPATH\index.php(56): CodeIgniter\Boot::bootWeb(Object(Config\Paths))
 8 SYSTEMPATH\rewrite.php(44): require_once('C:\\wamp64\\www\\uas_BasdatWpf\\ci4\\public\\index.php')
INFO - 2024-11-26 00:19:13 --> Session: Class initialized using 'CodeIgniter\Session\Handlers\FileHandler' driver.
INFO - 2024-11-26 00:19:13 --> Session: Class initialized using 'CodeIgniter\Session\Handlers\FileHandler' driver.
INFO - 2024-11-26 00:19:21 --> Session: Class initialized using 'CodeIgniter\Session\Handlers\FileHandler' driver.
CRITICAL - 2024-11-26 00:19:24 --> ErrorException: Undefined array key "end_time"
[Method: GET, Route: lelang/view/1]
in APPPATH\Controllers\Lelang.php on line 38.
 1 APPPATH\Controllers\Lelang.php(38): CodeIgniter\Debug\Exceptions->errorHandler(2, 'Undefined array key "end_time"', 'C:\\wamp64\\www\\uas_BasdatWpf\\ci4\\app\\Controllers\\Lelang.php', 38)
 2 SYSTEMPATH\CodeIgniter.php(933): App\Controllers\Lelang->view('1')
 3 SYSTEMPATH\CodeIgniter.php(509): CodeIgniter\CodeIgniter->runController(Object(App\Controllers\Lelang))
 4 SYSTEMPATH\CodeIgniter.php(355): CodeIgniter\CodeIgniter->handleRequest(null, Object(Config\Cache), false)
 5 SYSTEMPATH\Boot.php(325): CodeIgniter\CodeIgniter->run()
 6 SYSTEMPATH\Boot.php(67): CodeIgniter\Boot::runCodeIgniter(Object(CodeIgniter\CodeIgniter))
 7 FCPATH\index.php(56): CodeIgniter\Boot::bootWeb(Object(Config\Paths))
 8 SYSTEMPATH\rewrite.php(44): require_once('C:\\wamp64\\www\\uas_BasdatWpf\\ci4\\public\\index.php')
CRITICAL - 2024-11-26 00:21:04 --> ErrorException: Undefined array key "transaction_id"
[Method: GET, Route: lelang/view/1]
in APPPATH\Controllers\Lelang.php on line 45.
 1 APPPATH\Controllers\Lelang.php(45): CodeIgniter\Debug\Exceptions->errorHandler(2, 'Undefined array key "transaction_id"', 'C:\\wamp64\\www\\uas_BasdatWpf\\ci4\\app\\Controllers\\Lelang.php', 45)
 2 SYSTEMPATH\CodeIgniter.php(933): App\Controllers\Lelang->view('1')
 3 SYSTEMPATH\CodeIgniter.php(509): CodeIgniter\CodeIgniter->runController(Object(App\Controllers\Lelang))
 4 SYSTEMPATH\CodeIgniter.php(355): CodeIgniter\CodeIgniter->handleRequest(null, Object(Config\Cache), false)
 5 SYSTEMPATH\Boot.php(325): CodeIgniter\CodeIgniter->run()
 6 SYSTEMPATH\Boot.php(67): CodeIgniter\Boot::runCodeIgniter(Object(CodeIgniter\CodeIgniter))
 7 FCPATH\index.php(56): CodeIgniter\Boot::bootWeb(Object(Config\Paths))
 8 SYSTEMPATH\rewrite.php(44): require_once('C:\\wamp64\\www\\uas_BasdatWpf\\ci4\\public\\index.php')
CRITICAL - 2024-11-26 00:22:11 --> CodeIgniter\Database\Exceptions\DatabaseException: Updates are not allowed unless they contain a "where" or "like" clause.
[Method: GET, Route: lelang/view/1]
in SYSTEMPATH\Model.php on line 456.
 1 SYSTEMPATH\BaseModel.php(1028): CodeIgniter\Model->doUpdate(null, [...])
 2 SYSTEMPATH\Model.php(865): CodeIgniter\BaseModel->update(null, [...])
 3 APPPATH\Models\TransactionModel.php(23): CodeIgniter\Model->update(null, [...])
 4 APPPATH\Controllers\Lelang.php(45): App\Models\TransactionModel->updateTransactionStatus(null, 'completed', '800.00')
 5 SYSTEMPATH\CodeIgniter.php(933): App\Controllers\Lelang->view('1')
 6 SYSTEMPATH\CodeIgniter.php(509): CodeIgniter\CodeIgniter->runController(Object(App\Controllers\Lelang))
 7 SYSTEMPATH\CodeIgniter.php(355): CodeIgniter\CodeIgniter->handleRequest(null, Object(Config\Cache), false)
 8 SYSTEMPATH\Boot.php(325): CodeIgniter\CodeIgniter->run()
 9 SYSTEMPATH\Boot.php(67): CodeIgniter\Boot::runCodeIgniter(Object(CodeIgniter\CodeIgniter))
10 FCPATH\index.php(56): CodeIgniter\Boot::bootWeb(Object(Config\Paths))
11 SYSTEMPATH\rewrite.php(44): require_once('C:\\wamp64\\www\\uas_BasdatWpf\\ci4\\public\\index.php')
CRITICAL - 2024-11-26 00:24:14 --> CodeIgniter\Database\Exceptions\DatabaseException: Updates are not allowed unless they contain a "where" or "like" clause.
[Method: GET, Route: lelang/view/1]
in SYSTEMPATH\Model.php on line 456.
 1 SYSTEMPATH\BaseModel.php(1028): CodeIgniter\Model->doUpdate(null, [...])
 2 SYSTEMPATH\Model.php(865): CodeIgniter\BaseModel->update(null, [...])
 3 APPPATH\Models\TransactionModel.php(23): CodeIgniter\Model->update(null, [...])
 4 APPPATH\Controllers\Lelang.php(45): App\Models\TransactionModel->updateTransactionStatus(null, 'completed', '800.00')
 5 SYSTEMPATH\CodeIgniter.php(933): App\Controllers\Lelang->view('1')
 6 SYSTEMPATH\CodeIgniter.php(509): CodeIgniter\CodeIgniter->runController(Object(App\Controllers\Lelang))
 7 SYSTEMPATH\CodeIgniter.php(355): CodeIgniter\CodeIgniter->handleRequest(null, Object(Config\Cache), false)
 8 SYSTEMPATH\Boot.php(325): CodeIgniter\CodeIgniter->run()
 9 SYSTEMPATH\Boot.php(67): CodeIgniter\Boot::runCodeIgniter(Object(CodeIgniter\CodeIgniter))
10 FCPATH\index.php(56): CodeIgniter\Boot::bootWeb(Object(Config\Paths))
11 SYSTEMPATH\rewrite.php(44): require_once('C:\\wamp64\\www\\uas_BasdatWpf\\ci4\\public\\index.php')
CRITICAL - 2024-11-26 00:25:35 --> CodeIgniter\Database\Exceptions\DatabaseException: Updates are not allowed unless they contain a "where" or "like" clause.
[Method: GET, Route: lelang/view/1]
in SYSTEMPATH\Model.php on line 456.
 1 SYSTEMPATH\BaseModel.php(1028): CodeIgniter\Model->doUpdate(null, [...])
 2 SYSTEMPATH\Model.php(865): CodeIgniter\BaseModel->update(null, [...])
 3 APPPATH\Models\TransactionModel.php(23): CodeIgniter\Model->update(null, [...])
 4 APPPATH\Controllers\Lelang.php(45): App\Models\TransactionModel->updateTransactionStatus(null, 'completed', '800.00')
 5 SYSTEMPATH\CodeIgniter.php(933): App\Controllers\Lelang->view('1')
 6 SYSTEMPATH\CodeIgniter.php(509): CodeIgniter\CodeIgniter->runController(Object(App\Controllers\Lelang))
 7 SYSTEMPATH\CodeIgniter.php(355): CodeIgniter\CodeIgniter->handleRequest(null, Object(Config\Cache), false)
 8 SYSTEMPATH\Boot.php(325): CodeIgniter\CodeIgniter->run()
 9 SYSTEMPATH\Boot.php(67): CodeIgniter\Boot::runCodeIgniter(Object(CodeIgniter\CodeIgniter))
10 FCPATH\index.php(56): CodeIgniter\Boot::bootWeb(Object(Config\Paths))
11 SYSTEMPATH\rewrite.php(44): require_once('C:\\wamp64\\www\\uas_BasdatWpf\\ci4\\public\\index.php')
CRITICAL - 2024-11-26 01:17:25 --> ErrorException: Trying to access array offset on null
[Method: GET, Route: lelang/view/1]
in APPPATH\Controllers\Lelang.php on line 34.
 1 APPPATH\Controllers\Lelang.php(34): CodeIgniter\Debug\Exceptions->errorHandler(2, 'Trying to access array offset on null', 'C:\\wamp64\\www\\uas_BasdatWpf\\ci4\\app\\Controllers\\Lelang.php', 34)
 2 SYSTEMPATH\CodeIgniter.php(933): App\Controllers\Lelang->view('1')
 3 SYSTEMPATH\CodeIgniter.php(509): CodeIgniter\CodeIgniter->runController(Object(App\Controllers\Lelang))
 4 SYSTEMPATH\CodeIgniter.php(355): CodeIgniter\CodeIgniter->handleRequest(null, Object(Config\Cache), false)
 5 SYSTEMPATH\Boot.php(325): CodeIgniter\CodeIgniter->run()
 6 SYSTEMPATH\Boot.php(67): CodeIgniter\Boot::runCodeIgniter(Object(CodeIgniter\CodeIgniter))
 7 FCPATH\index.php(56): CodeIgniter\Boot::bootWeb(Object(Config\Paths))
 8 SYSTEMPATH\rewrite.php(44): require_once('C:\\wamp64\\www\\uas_BasdatWpf\\ci4\\public\\index.php')
CRITICAL - 2024-11-26 01:17:27 --> ErrorException: Trying to access array offset on null
[Method: GET, Route: lelang/view/1]
in APPPATH\Controllers\Lelang.php on line 34.
 1 APPPATH\Controllers\Lelang.php(34): CodeIgniter\Debug\Exceptions->errorHandler(2, 'Trying to access array offset on null', 'C:\\wamp64\\www\\uas_BasdatWpf\\ci4\\app\\Controllers\\Lelang.php', 34)
 2 SYSTEMPATH\CodeIgniter.php(933): App\Controllers\Lelang->view('1')
 3 SYSTEMPATH\CodeIgniter.php(509): CodeIgniter\CodeIgniter->runController(Object(App\Controllers\Lelang))
 4 SYSTEMPATH\CodeIgniter.php(355): CodeIgniter\CodeIgniter->handleRequest(null, Object(Config\Cache), false)
 5 SYSTEMPATH\Boot.php(325): CodeIgniter\CodeIgniter->run()
 6 SYSTEMPATH\Boot.php(67): CodeIgniter\Boot::runCodeIgniter(Object(CodeIgniter\CodeIgniter))
 7 FCPATH\index.php(56): CodeIgniter\Boot::bootWeb(Object(Config\Paths))
 8 SYSTEMPATH\rewrite.php(44): require_once('C:\\wamp64\\www\\uas_BasdatWpf\\ci4\\public\\index.php')
CRITICAL - 2024-11-26 01:19:21 --> ErrorException: Trying to access array offset on null
[Method: GET, Route: lelang/view/1]
in APPPATH\Controllers\Lelang.php on line 37.
 1 APPPATH\Controllers\Lelang.php(37): CodeIgniter\Debug\Exceptions->errorHandler(2, 'Trying to access array offset on null', 'C:\\wamp64\\www\\uas_BasdatWpf\\ci4\\app\\Controllers\\Lelang.php', 37)
 2 SYSTEMPATH\CodeIgniter.php(933): App\Controllers\Lelang->view('1')
 3 SYSTEMPATH\CodeIgniter.php(509): CodeIgniter\CodeIgniter->runController(Object(App\Controllers\Lelang))
 4 SYSTEMPATH\CodeIgniter.php(355): CodeIgniter\CodeIgniter->handleRequest(null, Object(Config\Cache), false)
 5 SYSTEMPATH\Boot.php(325): CodeIgniter\CodeIgniter->run()
 6 SYSTEMPATH\Boot.php(67): CodeIgniter\Boot::runCodeIgniter(Object(CodeIgniter\CodeIgniter))
 7 FCPATH\index.php(56): CodeIgniter\Boot::bootWeb(Object(Config\Paths))
 8 SYSTEMPATH\rewrite.php(44): require_once('C:\\wamp64\\www\\uas_BasdatWpf\\ci4\\public\\index.php')
CRITICAL - 2024-11-26 01:21:42 --> ErrorException: Trying to access array offset on null
[Method: GET, Route: lelang/view/1]
in APPPATH\Controllers\Lelang.php on line 37.
 1 APPPATH\Controllers\Lelang.php(37): CodeIgniter\Debug\Exceptions->errorHandler(2, 'Trying to access array offset on null', 'C:\\wamp64\\www\\uas_BasdatWpf\\ci4\\app\\Controllers\\Lelang.php', 37)
 2 SYSTEMPATH\CodeIgniter.php(933): App\Controllers\Lelang->view('1')
 3 SYSTEMPATH\CodeIgniter.php(509): CodeIgniter\CodeIgniter->runController(Object(App\Controllers\Lelang))
 4 SYSTEMPATH\CodeIgniter.php(355): CodeIgniter\CodeIgniter->handleRequest(null, Object(Config\Cache), false)
 5 SYSTEMPATH\Boot.php(325): CodeIgniter\CodeIgniter->run()
 6 SYSTEMPATH\Boot.php(67): CodeIgniter\Boot::runCodeIgniter(Object(CodeIgniter\CodeIgniter))
 7 FCPATH\index.php(56): CodeIgniter\Boot::bootWeb(Object(Config\Paths))
 8 SYSTEMPATH\rewrite.php(44): require_once('C:\\wamp64\\www\\uas_BasdatWpf\\ci4\\public\\index.php')
CRITICAL - 2024-11-26 01:21:43 --> ErrorException: Trying to access array offset on null
[Method: GET, Route: lelang/view/1]
in APPPATH\Controllers\Lelang.php on line 37.
 1 APPPATH\Controllers\Lelang.php(37): CodeIgniter\Debug\Exceptions->errorHandler(2, 'Trying to access array offset on null', 'C:\\wamp64\\www\\uas_BasdatWpf\\ci4\\app\\Controllers\\Lelang.php', 37)
 2 SYSTEMPATH\CodeIgniter.php(933): App\Controllers\Lelang->view('1')
 3 SYSTEMPATH\CodeIgniter.php(509): CodeIgniter\CodeIgniter->runController(Object(App\Controllers\Lelang))
 4 SYSTEMPATH\CodeIgniter.php(355): CodeIgniter\CodeIgniter->handleRequest(null, Object(Config\Cache), false)
 5 SYSTEMPATH\Boot.php(325): CodeIgniter\CodeIgniter->run()
 6 SYSTEMPATH\Boot.php(67): CodeIgniter\Boot::runCodeIgniter(Object(CodeIgniter\CodeIgniter))
 7 FCPATH\index.php(56): CodeIgniter\Boot::bootWeb(Object(Config\Paths))
 8 SYSTEMPATH\rewrite.php(44): require_once('C:\\wamp64\\www\\uas_BasdatWpf\\ci4\\public\\index.php')
CRITICAL - 2024-11-26 01:21:44 --> ErrorException: Trying to access array offset on null
[Method: GET, Route: lelang/view/1]
in APPPATH\Controllers\Lelang.php on line 37.
 1 APPPATH\Controllers\Lelang.php(37): CodeIgniter\Debug\Exceptions->errorHandler(2, 'Trying to access array offset on null', 'C:\\wamp64\\www\\uas_BasdatWpf\\ci4\\app\\Controllers\\Lelang.php', 37)
 2 SYSTEMPATH\CodeIgniter.php(933): App\Controllers\Lelang->view('1')
 3 SYSTEMPATH\CodeIgniter.php(509): CodeIgniter\CodeIgniter->runController(Object(App\Controllers\Lelang))
 4 SYSTEMPATH\CodeIgniter.php(355): CodeIgniter\CodeIgniter->handleRequest(null, Object(Config\Cache), false)
 5 SYSTEMPATH\Boot.php(325): CodeIgniter\CodeIgniter->run()
 6 SYSTEMPATH\Boot.php(67): CodeIgniter\Boot::runCodeIgniter(Object(CodeIgniter\CodeIgniter))
 7 FCPATH\index.php(56): CodeIgniter\Boot::bootWeb(Object(Config\Paths))
 8 SYSTEMPATH\rewrite.php(44): require_once('C:\\wamp64\\www\\uas_BasdatWpf\\ci4\\public\\index.php')
CRITICAL - 2024-11-26 01:21:46 --> ErrorException: Trying to access array offset on null
[Method: GET, Route: lelang/view/1]
in APPPATH\Controllers\Lelang.php on line 37.
 1 APPPATH\Controllers\Lelang.php(37): CodeIgniter\Debug\Exceptions->errorHandler(2, 'Trying to access array offset on null', 'C:\\wamp64\\www\\uas_BasdatWpf\\ci4\\app\\Controllers\\Lelang.php', 37)
 2 SYSTEMPATH\CodeIgniter.php(933): App\Controllers\Lelang->view('1')
 3 SYSTEMPATH\CodeIgniter.php(509): CodeIgniter\CodeIgniter->runController(Object(App\Controllers\Lelang))
 4 SYSTEMPATH\CodeIgniter.php(355): CodeIgniter\CodeIgniter->handleRequest(null, Object(Config\Cache), false)
 5 SYSTEMPATH\Boot.php(325): CodeIgniter\CodeIgniter->run()
 6 SYSTEMPATH\Boot.php(67): CodeIgniter\Boot::runCodeIgniter(Object(CodeIgniter\CodeIgniter))
 7 FCPATH\index.php(56): CodeIgniter\Boot::bootWeb(Object(Config\Paths))
 8 SYSTEMPATH\rewrite.php(44): require_once('C:\\wamp64\\www\\uas_BasdatWpf\\ci4\\public\\index.php')
CRITICAL - 2024-11-26 01:21:47 --> ErrorException: Trying to access array offset on null
[Method: GET, Route: lelang/view/1]
in APPPATH\Controllers\Lelang.php on line 37.
 1 APPPATH\Controllers\Lelang.php(37): CodeIgniter\Debug\Exceptions->errorHandler(2, 'Trying to access array offset on null', 'C:\\wamp64\\www\\uas_BasdatWpf\\ci4\\app\\Controllers\\Lelang.php', 37)
 2 SYSTEMPATH\CodeIgniter.php(933): App\Controllers\Lelang->view('1')
 3 SYSTEMPATH\CodeIgniter.php(509): CodeIgniter\CodeIgniter->runController(Object(App\Controllers\Lelang))
 4 SYSTEMPATH\CodeIgniter.php(355): CodeIgniter\CodeIgniter->handleRequest(null, Object(Config\Cache), false)
 5 SYSTEMPATH\Boot.php(325): CodeIgniter\CodeIgniter->run()
 6 SYSTEMPATH\Boot.php(67): CodeIgniter\Boot::runCodeIgniter(Object(CodeIgniter\CodeIgniter))
 7 FCPATH\index.php(56): CodeIgniter\Boot::bootWeb(Object(Config\Paths))
 8 SYSTEMPATH\rewrite.php(44): require_once('C:\\wamp64\\www\\uas_BasdatWpf\\ci4\\public\\index.php')
INFO - 2024-11-26 01:23:16 --> Session: Class initialized using 'CodeIgniter\Session\Handlers\FileHandler' driver.
INFO - 2024-11-26 01:23:48 --> Session: Class initialized using 'CodeIgniter\Session\Handlers\FileHandler' driver.
INFO - 2024-11-26 01:23:48 --> Session: Class initialized using 'CodeIgniter\Session\Handlers\FileHandler' driver.
INFO - 2024-11-26 01:23:55 --> Session: Class initialized using 'CodeIgniter\Session\Handlers\FileHandler' driver.
CRITICAL - 2024-11-26 01:23:55 --> ErrorException: Trying to access array offset on null
[Method: GET, Route: profile]
in APPPATH\Views\profile\index.php on line 5.
 1 APPPATH\Views\profile\index.php(5): CodeIgniter\Debug\Exceptions->errorHandler(2, 'Trying to access array offset on null', 'C:\\wamp64\\www\\uas_BasdatWpf\\ci4\\app\\Views\\profile\\index.php', 5)
 2 SYSTEMPATH\View\View.php(234): include('C:\\wamp64\\www\\uas_BasdatWpf\\ci4\\app\\Views\\profile\\index.php')
 3 SYSTEMPATH\View\View.php(237): CodeIgniter\View\View->CodeIgniter\View\{closure}()
 4 SYSTEMPATH\Common.php(1171): CodeIgniter\View\View->render('profile/index', [], true)
 5 APPPATH\Controllers\Profile.php(19): view('profile/index', [...])
 6 SYSTEMPATH\CodeIgniter.php(933): App\Controllers\Profile->index()
 7 SYSTEMPATH\CodeIgniter.php(509): CodeIgniter\CodeIgniter->runController(Object(App\Controllers\Profile))
 8 SYSTEMPATH\CodeIgniter.php(355): CodeIgniter\CodeIgniter->handleRequest(null, Object(Config\Cache), false)
 9 SYSTEMPATH\Boot.php(325): CodeIgniter\CodeIgniter->run()
10 SYSTEMPATH\Boot.php(67): CodeIgniter\Boot::runCodeIgniter(Object(CodeIgniter\CodeIgniter))
11 FCPATH\index.php(56): CodeIgniter\Boot::bootWeb(Object(Config\Paths))
12 SYSTEMPATH\rewrite.php(44): require_once('C:\\wamp64\\www\\uas_BasdatWpf\\ci4\\public\\index.php')
INFO - 2024-11-26 01:24:00 --> Session: Class initialized using 'CodeIgniter\Session\Handlers\FileHandler' driver.
INFO - 2024-11-26 01:24:01 --> Session: Class initialized using 'CodeIgniter\Session\Handlers\FileHandler' driver.
INFO - 2024-11-26 01:24:04 --> Session: Class initialized using 'CodeIgniter\Session\Handlers\FileHandler' driver.
INFO - 2024-11-26 01:24:13 --> Session: Class initialized using 'CodeIgniter\Session\Handlers\FileHandler' driver.
INFO - 2024-11-26 01:24:30 --> Session: Class initialized using 'CodeIgniter\Session\Handlers\FileHandler' driver.
INFO - 2024-11-26 01:24:30 --> Session: Class initialized using 'CodeIgniter\Session\Handlers\FileHandler' driver.
INFO - 2024-11-26 01:24:39 --> Session: Class initialized using 'CodeIgniter\Session\Handlers\FileHandler' driver.
CRITICAL - 2024-11-26 01:24:39 --> ErrorException: Trying to access array offset on null
[Method: GET, Route: profile]
in APPPATH\Views\profile\index.php on line 5.
 1 APPPATH\Views\profile\index.php(5): CodeIgniter\Debug\Exceptions->errorHandler(2, 'Trying to access array offset on null', 'C:\\wamp64\\www\\uas_BasdatWpf\\ci4\\app\\Views\\profile\\index.php', 5)
 2 SYSTEMPATH\View\View.php(234): include('C:\\wamp64\\www\\uas_BasdatWpf\\ci4\\app\\Views\\profile\\index.php')
 3 SYSTEMPATH\View\View.php(237): CodeIgniter\View\View->CodeIgniter\View\{closure}()
 4 SYSTEMPATH\Common.php(1171): CodeIgniter\View\View->render('profile/index', [], true)
 5 APPPATH\Controllers\Profile.php(19): view('profile/index', [...])
 6 SYSTEMPATH\CodeIgniter.php(933): App\Controllers\Profile->index()
 7 SYSTEMPATH\CodeIgniter.php(509): CodeIgniter\CodeIgniter->runController(Object(App\Controllers\Profile))
 8 SYSTEMPATH\CodeIgniter.php(355): CodeIgniter\CodeIgniter->handleRequest(null, Object(Config\Cache), false)
 9 SYSTEMPATH\Boot.php(325): CodeIgniter\CodeIgniter->run()
10 SYSTEMPATH\Boot.php(67): CodeIgniter\Boot::runCodeIgniter(Object(CodeIgniter\CodeIgniter))
11 FCPATH\index.php(56): CodeIgniter\Boot::bootWeb(Object(Config\Paths))
12 SYSTEMPATH\rewrite.php(44): require_once('C:\\wamp64\\www\\uas_BasdatWpf\\ci4\\public\\index.php')
INFO - 2024-11-26 01:25:03 --> Session: Class initialized using 'CodeIgniter\Session\Handlers\FileHandler' driver.
INFO - 2024-11-26 01:25:05 --> Session: Class initialized using 'CodeIgniter\Session\Handlers\FileHandler' driver.
INFO - 2024-11-26 01:25:08 --> Session: Class initialized using 'CodeIgniter\Session\Handlers\FileHandler' driver.
INFO - 2024-11-26 01:25:09 --> Session: Class initialized using 'CodeIgniter\Session\Handlers\FileHandler' driver.
INFO - 2024-11-26 01:25:19 --> Session: Class initialized using 'CodeIgniter\Session\Handlers\FileHandler' driver.
INFO - 2024-11-26 01:25:27 --> Session: Class initialized using 'CodeIgniter\Session\Handlers\FileHandler' driver.
INFO - 2024-11-26 01:25:28 --> Session: Class initialized using 'CodeIgniter\Session\Handlers\FileHandler' driver.
INFO - 2024-11-26 01:25:35 --> Session: Class initialized using 'CodeIgniter\Session\Handlers\FileHandler' driver.
INFO - 2024-11-26 01:25:37 --> Session: Class initialized using 'CodeIgniter\Session\Handlers\FileHandler' driver.
INFO - 2024-11-26 01:25:40 --> Session: Class initialized using 'CodeIgniter\Session\Handlers\FileHandler' driver.
INFO - 2024-11-26 01:26:15 --> Session: Class initialized using 'CodeIgniter\Session\Handlers\FileHandler' driver.
INFO - 2024-11-26 01:26:19 --> Session: Class initialized using 'CodeIgniter\Session\Handlers\FileHandler' driver.
INFO - 2024-11-26 01:26:21 --> Session: Class initialized using 'CodeIgniter\Session\Handlers\FileHandler' driver.
INFO - 2024-11-26 01:26:37 --> Session: Class initialized using 'CodeIgniter\Session\Handlers\FileHandler' driver.
INFO - 2024-11-26 01:27:11 --> Session: Class initialized using 'CodeIgniter\Session\Handlers\FileHandler' driver.
INFO - 2024-11-26 01:27:14 --> Session: Class initialized using 'CodeIgniter\Session\Handlers\FileHandler' driver.
INFO - 2024-11-26 01:28:36 --> Session: Class initialized using 'CodeIgniter\Session\Handlers\FileHandler' driver.
INFO - 2024-11-26 01:35:21 --> Session: Class initialized using 'CodeIgniter\Session\Handlers\FileHandler' driver.
INFO - 2024-11-26 01:35:27 --> Session: Class initialized using 'CodeIgniter\Session\Handlers\FileHandler' driver.
INFO - 2024-11-26 01:35:30 --> Session: Class initialized using 'CodeIgniter\Session\Handlers\FileHandler' driver.
INFO - 2024-11-26 01:36:15 --> Session: Class initialized using 'CodeIgniter\Session\Handlers\FileHandler' driver.
INFO - 2024-11-26 01:36:15 --> Session: Class initialized using 'CodeIgniter\Session\Handlers\FileHandler' driver.
INFO - 2024-11-26 01:36:18 --> Session: Class initialized using 'CodeIgniter\Session\Handlers\FileHandler' driver.
INFO - 2024-11-26 01:36:18 --> Session: Class initialized using 'CodeIgniter\Session\Handlers\FileHandler' driver.
INFO - 2024-11-26 01:36:28 --> Session: Class initialized using 'CodeIgniter\Session\Handlers\FileHandler' driver.
INFO - 2024-11-26 01:36:28 --> Session: Class initialized using 'CodeIgniter\Session\Handlers\FileHandler' driver.
INFO - 2024-11-26 01:38:34 --> Session: Class initialized using 'CodeIgniter\Session\Handlers\FileHandler' driver.
INFO - 2024-11-26 01:39:13 --> Session: Class initialized using 'CodeIgniter\Session\Handlers\FileHandler' driver.
INFO - 2024-11-26 01:39:13 --> Session: Class initialized using 'CodeIgniter\Session\Handlers\FileHandler' driver.
INFO - 2024-11-26 01:39:18 --> Session: Class initialized using 'CodeIgniter\Session\Handlers\FileHandler' driver.
INFO - 2024-11-26 01:39:22 --> Session: Class initialized using 'CodeIgniter\Session\Handlers\FileHandler' driver.
INFO - 2024-11-26 01:39:23 --> Session: Class initialized using 'CodeIgniter\Session\Handlers\FileHandler' driver.
INFO - 2024-11-26 01:39:24 --> Session: Class initialized using 'CodeIgniter\Session\Handlers\FileHandler' driver.
INFO - 2024-11-26 01:39:26 --> Session: Class initialized using 'CodeIgniter\Session\Handlers\FileHandler' driver.
INFO - 2024-11-26 01:39:32 --> Session: Class initialized using 'CodeIgniter\Session\Handlers\FileHandler' driver.
INFO - 2024-11-26 01:39:35 --> Session: Class initialized using 'CodeIgniter\Session\Handlers\FileHandler' driver.
INFO - 2024-11-26 01:40:56 --> Session: Class initialized using 'CodeIgniter\Session\Handlers\FileHandler' driver.
INFO - 2024-11-26 01:42:32 --> Session: Class initialized using 'CodeIgniter\Session\Handlers\FileHandler' driver.
INFO - 2024-11-26 01:42:32 --> Session: Class initialized using 'CodeIgniter\Session\Handlers\FileHandler' driver.
CRITICAL - 2024-11-26 01:48:26 --> CodeIgniter\View\Exceptions\ViewException: Invalid file: "items/index.php"
[Method: GET, Route: products]
in SYSTEMPATH\Exceptions\FrameworkException.php on line 41.
 1 SYSTEMPATH\View\View.php(222): CodeIgniter\Exceptions\FrameworkException::forInvalidFile('items/index.php')
 2 SYSTEMPATH\Common.php(1171): CodeIgniter\View\View->render('items/index', [], true)
 3 APPPATH\Controllers\Products.php(42): view('items/index', [...])
 4 SYSTEMPATH\CodeIgniter.php(933): App\Controllers\Products->index()
 5 SYSTEMPATH\CodeIgniter.php(509): CodeIgniter\CodeIgniter->runController(Object(App\Controllers\Products))
 6 SYSTEMPATH\CodeIgniter.php(355): CodeIgniter\CodeIgniter->handleRequest(null, Object(Config\Cache), false)
 7 SYSTEMPATH\Boot.php(325): CodeIgniter\CodeIgniter->run()
 8 SYSTEMPATH\Boot.php(67): CodeIgniter\Boot::runCodeIgniter(Object(CodeIgniter\CodeIgniter))
 9 FCPATH\index.php(56): CodeIgniter\Boot::bootWeb(Object(Config\Paths))
10 SYSTEMPATH\rewrite.php(44): require_once('C:\\wamp64\\www\\uas_BasdatWpf\\ci4\\public\\index.php')
INFO - 2024-11-26 01:48:40 --> Session: Class initialized using 'CodeIgniter\Session\Handlers\FileHandler' driver.
CRITICAL - 2024-11-26 01:48:45 --> CodeIgniter\View\Exceptions\ViewException: Invalid file: "items/index.php"
[Method: GET, Route: products]
in SYSTEMPATH\Exceptions\FrameworkException.php on line 41.
 1 SYSTEMPATH\View\View.php(222): CodeIgniter\Exceptions\FrameworkException::forInvalidFile('items/index.php')
 2 SYSTEMPATH\Common.php(1171): CodeIgniter\View\View->render('items/index', [], true)
 3 APPPATH\Controllers\Products.php(42): view('items/index', [...])
 4 SYSTEMPATH\CodeIgniter.php(933): App\Controllers\Products->index()
 5 SYSTEMPATH\CodeIgniter.php(509): CodeIgniter\CodeIgniter->runController(Object(App\Controllers\Products))
 6 SYSTEMPATH\CodeIgniter.php(355): CodeIgniter\CodeIgniter->handleRequest(null, Object(Config\Cache), false)
 7 SYSTEMPATH\Boot.php(325): CodeIgniter\CodeIgniter->run()
 8 SYSTEMPATH\Boot.php(67): CodeIgniter\Boot::runCodeIgniter(Object(CodeIgniter\CodeIgniter))
 9 FCPATH\index.php(56): CodeIgniter\Boot::bootWeb(Object(Config\Paths))
10 SYSTEMPATH\rewrite.php(44): require_once('C:\\wamp64\\www\\uas_BasdatWpf\\ci4\\public\\index.php')
CRITICAL - 2024-11-26 01:50:50 --> CodeIgniter\View\Exceptions\ViewException: Invalid file: "items/index.php"
[Method: GET, Route: products]
in SYSTEMPATH\Exceptions\FrameworkException.php on line 41.
 1 SYSTEMPATH\View\View.php(222): CodeIgniter\Exceptions\FrameworkException::forInvalidFile('items/index.php')
 2 SYSTEMPATH\Common.php(1171): CodeIgniter\View\View->render('items/index', [], true)
 3 APPPATH\Controllers\Products.php(47): view('items/index', [...])
 4 SYSTEMPATH\CodeIgniter.php(933): App\Controllers\Products->index()
 5 SYSTEMPATH\CodeIgniter.php(509): CodeIgniter\CodeIgniter->runController(Object(App\Controllers\Products))
 6 SYSTEMPATH\CodeIgniter.php(355): CodeIgniter\CodeIgniter->handleRequest(null, Object(Config\Cache), false)
 7 SYSTEMPATH\Boot.php(325): CodeIgniter\CodeIgniter->run()
 8 SYSTEMPATH\Boot.php(67): CodeIgniter\Boot::runCodeIgniter(Object(CodeIgniter\CodeIgniter))
 9 FCPATH\index.php(56): CodeIgniter\Boot::bootWeb(Object(Config\Paths))
10 SYSTEMPATH\rewrite.php(44): require_once('C:\\wamp64\\www\\uas_BasdatWpf\\ci4\\public\\index.php')
INFO - 2024-11-26 01:51:11 --> Session: Class initialized using 'CodeIgniter\Session\Handlers\FileHandler' driver.
INFO - 2024-11-26 01:51:16 --> Session: Class initialized using 'CodeIgniter\Session\Handlers\FileHandler' driver.
INFO - 2024-11-26 01:51:22 --> Session: Class initialized using 'CodeIgniter\Session\Handlers\FileHandler' driver.
CRITICAL - 2024-11-26 01:51:23 --> CodeIgniter\View\Exceptions\ViewException: Invalid file: "items/index.php"
[Method: GET, Route: products]
in SYSTEMPATH\Exceptions\FrameworkException.php on line 41.
 1 SYSTEMPATH\View\View.php(222): CodeIgniter\Exceptions\FrameworkException::forInvalidFile('items/index.php')
 2 SYSTEMPATH\Common.php(1171): CodeIgniter\View\View->render('items/index', [], true)
 3 APPPATH\Controllers\Products.php(47): view('items/index', [...])
 4 SYSTEMPATH\CodeIgniter.php(933): App\Controllers\Products->index()
 5 SYSTEMPATH\CodeIgniter.php(509): CodeIgniter\CodeIgniter->runController(Object(App\Controllers\Products))
 6 SYSTEMPATH\CodeIgniter.php(355): CodeIgniter\CodeIgniter->handleRequest(null, Object(Config\Cache), false)
 7 SYSTEMPATH\Boot.php(325): CodeIgniter\CodeIgniter->run()
 8 SYSTEMPATH\Boot.php(67): CodeIgniter\Boot::runCodeIgniter(Object(CodeIgniter\CodeIgniter))
 9 FCPATH\index.php(56): CodeIgniter\Boot::bootWeb(Object(Config\Paths))
10 SYSTEMPATH\rewrite.php(44): require_once('C:\\wamp64\\www\\uas_BasdatWpf\\ci4\\public\\index.php')
INFO - 2024-11-26 01:51:27 --> Session: Class initialized using 'CodeIgniter\Session\Handlers\FileHandler' driver.
INFO - 2024-11-26 01:51:52 --> Session: Class initialized using 'CodeIgniter\Session\Handlers\FileHandler' driver.
INFO - 2024-11-26 01:51:58 --> Session: Class initialized using 'CodeIgniter\Session\Handlers\FileHandler' driver.
CRITICAL - 2024-11-26 01:51:59 --> CodeIgniter\View\Exceptions\ViewException: Invalid file: "items/index.php"
[Method: GET, Route: products]
in SYSTEMPATH\Exceptions\FrameworkException.php on line 41.
 1 SYSTEMPATH\View\View.php(222): CodeIgniter\Exceptions\FrameworkException::forInvalidFile('items/index.php')
 2 SYSTEMPATH\Common.php(1171): CodeIgniter\View\View->render('items/index', [], true)
 3 APPPATH\Controllers\Products.php(47): view('items/index', [...])
 4 SYSTEMPATH\CodeIgniter.php(933): App\Controllers\Products->index()
 5 SYSTEMPATH\CodeIgniter.php(509): CodeIgniter\CodeIgniter->runController(Object(App\Controllers\Products))
 6 SYSTEMPATH\CodeIgniter.php(355): CodeIgniter\CodeIgniter->handleRequest(null, Object(Config\Cache), false)
 7 SYSTEMPATH\Boot.php(325): CodeIgniter\CodeIgniter->run()
 8 SYSTEMPATH\Boot.php(67): CodeIgniter\Boot::runCodeIgniter(Object(CodeIgniter\CodeIgniter))
 9 FCPATH\index.php(56): CodeIgniter\Boot::bootWeb(Object(Config\Paths))
10 SYSTEMPATH\rewrite.php(44): require_once('C:\\wamp64\\www\\uas_BasdatWpf\\ci4\\public\\index.php')
INFO - 2024-11-26 01:52:01 --> Session: Class initialized using 'CodeIgniter\Session\Handlers\FileHandler' driver.
CRITICAL - 2024-11-26 01:54:09 --> CodeIgniter\View\Exceptions\ViewException: Invalid file: "items/index.php"
[Method: GET, Route: products]
in SYSTEMPATH\Exceptions\FrameworkException.php on line 41.
 1 SYSTEMPATH\View\View.php(222): CodeIgniter\Exceptions\FrameworkException::forInvalidFile('items/index.php')
 2 SYSTEMPATH\Common.php(1171): CodeIgniter\View\View->render('items/index', [], true)
 3 APPPATH\Controllers\Products.php(47): view('items/index', [...])
 4 SYSTEMPATH\CodeIgniter.php(933): App\Controllers\Products->index()
 5 SYSTEMPATH\CodeIgniter.php(509): CodeIgniter\CodeIgniter->runController(Object(App\Controllers\Products))
 6 SYSTEMPATH\CodeIgniter.php(355): CodeIgniter\CodeIgniter->handleRequest(null, Object(Config\Cache), false)
 7 SYSTEMPATH\Boot.php(325): CodeIgniter\CodeIgniter->run()
 8 SYSTEMPATH\Boot.php(67): CodeIgniter\Boot::runCodeIgniter(Object(CodeIgniter\CodeIgniter))
 9 FCPATH\index.php(56): CodeIgniter\Boot::bootWeb(Object(Config\Paths))
10 SYSTEMPATH\rewrite.php(44): require_once('C:\\wamp64\\www\\uas_BasdatWpf\\ci4\\public\\index.php')
INFO - 2024-11-26 01:55:06 --> Session: Class initialized using 'CodeIgniter\Session\Handlers\FileHandler' driver.
CRITICAL - 2024-11-26 01:55:06 --> ErrorException: Undefined variable $items
[Method: GET, Route: products]
in APPPATH\Views\products\index.php on line 33.
 1 APPPATH\Views\products\index.php(33): CodeIgniter\Debug\Exceptions->errorHandler(2, 'Undefined variable $items', 'C:\\wamp64\\www\\uas_BasdatWpf\\ci4\\app\\Views\\products\\index.php', 33)
 2 SYSTEMPATH\View\View.php(234): include('C:\\wamp64\\www\\uas_BasdatWpf\\ci4\\app\\Views\\products\\index.php')
 3 SYSTEMPATH\View\View.php(237): CodeIgniter\View\View->CodeIgniter\View\{closure}()
 4 SYSTEMPATH\Common.php(1171): CodeIgniter\View\View->render('products/index', [], true)
 5 APPPATH\Controllers\Products.php(47): view('products/index', [...])
 6 SYSTEMPATH\CodeIgniter.php(933): App\Controllers\Products->index()
 7 SYSTEMPATH\CodeIgniter.php(509): CodeIgniter\CodeIgniter->runController(Object(App\Controllers\Products))
 8 SYSTEMPATH\CodeIgniter.php(355): CodeIgniter\CodeIgniter->handleRequest(null, Object(Config\Cache), false)
 9 SYSTEMPATH\Boot.php(325): CodeIgniter\CodeIgniter->run()
10 SYSTEMPATH\Boot.php(67): CodeIgniter\Boot::runCodeIgniter(Object(CodeIgniter\CodeIgniter))
11 FCPATH\index.php(56): CodeIgniter\Boot::bootWeb(Object(Config\Paths))
12 SYSTEMPATH\rewrite.php(44): require_once('C:\\wamp64\\www\\uas_BasdatWpf\\ci4\\public\\index.php')
INFO - 2024-11-26 01:55:50 --> Session: Class initialized using 'CodeIgniter\Session\Handlers\FileHandler' driver.
CRITICAL - 2024-11-26 01:55:50 --> ErrorException: Undefined variable $items
[Method: GET, Route: products]
in APPPATH\Views\products\index.php on line 33.
 1 APPPATH\Views\products\index.php(33): CodeIgniter\Debug\Exceptions->errorHandler(2, 'Undefined variable $items', 'C:\\wamp64\\www\\uas_BasdatWpf\\ci4\\app\\Views\\products\\index.php', 33)
 2 SYSTEMPATH\View\View.php(234): include('C:\\wamp64\\www\\uas_BasdatWpf\\ci4\\app\\Views\\products\\index.php')
 3 SYSTEMPATH\View\View.php(237): CodeIgniter\View\View->CodeIgniter\View\{closure}()
 4 SYSTEMPATH\Common.php(1171): CodeIgniter\View\View->render('products/index', [], true)
 5 APPPATH\Controllers\Products.php(47): view('products/index', [...])
 6 SYSTEMPATH\CodeIgniter.php(933): App\Controllers\Products->index()
 7 SYSTEMPATH\CodeIgniter.php(509): CodeIgniter\CodeIgniter->runController(Object(App\Controllers\Products))
 8 SYSTEMPATH\CodeIgniter.php(355): CodeIgniter\CodeIgniter->handleRequest(null, Object(Config\Cache), false)
 9 SYSTEMPATH\Boot.php(325): CodeIgniter\CodeIgniter->run()
10 SYSTEMPATH\Boot.php(67): CodeIgniter\Boot::runCodeIgniter(Object(CodeIgniter\CodeIgniter))
11 FCPATH\index.php(56): CodeIgniter\Boot::bootWeb(Object(Config\Paths))
12 SYSTEMPATH\rewrite.php(44): require_once('C:\\wamp64\\www\\uas_BasdatWpf\\ci4\\public\\index.php')
INFO - 2024-11-26 01:55:51 --> Session: Class initialized using 'CodeIgniter\Session\Handlers\FileHandler' driver.
CRITICAL - 2024-11-26 01:55:51 --> ErrorException: Undefined variable $items
[Method: GET, Route: products]
in APPPATH\Views\products\index.php on line 33.
 1 APPPATH\Views\products\index.php(33): CodeIgniter\Debug\Exceptions->errorHandler(2, 'Undefined variable $items', 'C:\\wamp64\\www\\uas_BasdatWpf\\ci4\\app\\Views\\products\\index.php', 33)
 2 SYSTEMPATH\View\View.php(234): include('C:\\wamp64\\www\\uas_BasdatWpf\\ci4\\app\\Views\\products\\index.php')
 3 SYSTEMPATH\View\View.php(237): CodeIgniter\View\View->CodeIgniter\View\{closure}()
 4 SYSTEMPATH\Common.php(1171): CodeIgniter\View\View->render('products/index', [], true)
 5 APPPATH\Controllers\Products.php(47): view('products/index', [...])
 6 SYSTEMPATH\CodeIgniter.php(933): App\Controllers\Products->index()
 7 SYSTEMPATH\CodeIgniter.php(509): CodeIgniter\CodeIgniter->runController(Object(App\Controllers\Products))
 8 SYSTEMPATH\CodeIgniter.php(355): CodeIgniter\CodeIgniter->handleRequest(null, Object(Config\Cache), false)
 9 SYSTEMPATH\Boot.php(325): CodeIgniter\CodeIgniter->run()
10 SYSTEMPATH\Boot.php(67): CodeIgniter\Boot::runCodeIgniter(Object(CodeIgniter\CodeIgniter))
11 FCPATH\index.php(56): CodeIgniter\Boot::bootWeb(Object(Config\Paths))
12 SYSTEMPATH\rewrite.php(44): require_once('C:\\wamp64\\www\\uas_BasdatWpf\\ci4\\public\\index.php')
INFO - 2024-11-26 01:56:42 --> Session: Class initialized using 'CodeIgniter\Session\Handlers\FileHandler' driver.
CRITICAL - 2024-11-26 01:56:42 --> ErrorException: Undefined variable $items
[Method: GET, Route: products]
in APPPATH\Views\products\index.php on line 33.
 1 APPPATH\Views\products\index.php(33): CodeIgniter\Debug\Exceptions->errorHandler(2, 'Undefined variable $items', 'C:\\wamp64\\www\\uas_BasdatWpf\\ci4\\app\\Views\\products\\index.php', 33)
 2 SYSTEMPATH\View\View.php(234): include('C:\\wamp64\\www\\uas_BasdatWpf\\ci4\\app\\Views\\products\\index.php')
 3 SYSTEMPATH\View\View.php(237): CodeIgniter\View\View->CodeIgniter\View\{closure}()
 4 SYSTEMPATH\Common.php(1171): CodeIgniter\View\View->render('products/index', [], true)
 5 APPPATH\Controllers\Products.php(47): view('products/index', [...])
 6 SYSTEMPATH\CodeIgniter.php(933): App\Controllers\Products->index()
 7 SYSTEMPATH\CodeIgniter.php(509): CodeIgniter\CodeIgniter->runController(Object(App\Controllers\Products))
 8 SYSTEMPATH\CodeIgniter.php(355): CodeIgniter\CodeIgniter->handleRequest(null, Object(Config\Cache), false)
 9 SYSTEMPATH\Boot.php(325): CodeIgniter\CodeIgniter->run()
10 SYSTEMPATH\Boot.php(67): CodeIgniter\Boot::runCodeIgniter(Object(CodeIgniter\CodeIgniter))
11 FCPATH\index.php(56): CodeIgniter\Boot::bootWeb(Object(Config\Paths))
12 SYSTEMPATH\rewrite.php(44): require_once('C:\\wamp64\\www\\uas_BasdatWpf\\ci4\\public\\index.php')
INFO - 2024-11-26 01:56:59 --> Session: Class initialized using 'CodeIgniter\Session\Handlers\FileHandler' driver.
INFO - 2024-11-26 01:57:34 --> Session: Class initialized using 'CodeIgniter\Session\Handlers\FileHandler' driver.
INFO - 2024-11-26 01:57:56 --> Session: Class initialized using 'CodeIgniter\Session\Handlers\FileHandler' driver.
INFO - 2024-11-26 01:58:04 --> Session: Class initialized using 'CodeIgniter\Session\Handlers\FileHandler' driver.
INFO - 2024-11-26 01:58:18 --> Session: Class initialized using 'CodeIgniter\Session\Handlers\FileHandler' driver.
INFO - 2024-11-26 02:01:37 --> Session: Class initialized using 'CodeIgniter\Session\Handlers\FileHandler' driver.
INFO - 2024-11-26 02:03:28 --> Session: Class initialized using 'CodeIgniter\Session\Handlers\FileHandler' driver.
INFO - 2024-11-26 02:03:41 --> Session: Class initialized using 'CodeIgniter\Session\Handlers\FileHandler' driver.
INFO - 2024-11-26 02:03:48 --> Session: Class initialized using 'CodeIgniter\Session\Handlers\FileHandler' driver.
INFO - 2024-11-26 02:04:31 --> Session: Class initialized using 'CodeIgniter\Session\Handlers\FileHandler' driver.
INFO - 2024-11-26 02:04:32 --> Session: Class initialized using 'CodeIgniter\Session\Handlers\FileHandler' driver.
INFO - 2024-11-26 02:06:03 --> Session: Class initialized using 'CodeIgniter\Session\Handlers\FileHandler' driver.
INFO - 2024-11-26 02:06:04 --> Session: Class initialized using 'CodeIgniter\Session\Handlers\FileHandler' driver.
INFO - 2024-11-26 02:06:05 --> Session: Class initialized using 'CodeIgniter\Session\Handlers\FileHandler' driver.
INFO - 2024-11-26 02:06:35 --> Session: Class initialized using 'CodeIgniter\Session\Handlers\FileHandler' driver.
INFO - 2024-11-26 02:11:08 --> Session: Class initialized using 'CodeIgniter\Session\Handlers\FileHandler' driver.
CRITICAL - 2024-11-26 02:11:08 --> ErrorException: Undefined variable $bidModel
[Method: GET, Route: /]
in APPPATH\Views\lelang\index.php on line 42.
 1 APPPATH\Views\lelang\index.php(42): CodeIgniter\Debug\Exceptions->errorHandler(2, 'Undefined variable $bidModel', 'C:\\wamp64\\www\\uas_BasdatWpf\\ci4\\app\\Views\\lelang\\index.php', 42)
 2 SYSTEMPATH\View\View.php(234): include('C:\\wamp64\\www\\uas_BasdatWpf\\ci4\\app\\Views\\lelang\\index.php')
 3 SYSTEMPATH\View\View.php(237): CodeIgniter\View\View->CodeIgniter\View\{closure}()
 4 SYSTEMPATH\Common.php(1171): CodeIgniter\View\View->render('lelang/index', [], true)
 5 APPPATH\Controllers\Lelang.php(17): view('lelang/index', [...])
 6 SYSTEMPATH\CodeIgniter.php(933): App\Controllers\Lelang->index()
 7 SYSTEMPATH\CodeIgniter.php(509): CodeIgniter\CodeIgniter->runController(Object(App\Controllers\Lelang))
 8 SYSTEMPATH\CodeIgniter.php(355): CodeIgniter\CodeIgniter->handleRequest(null, Object(Config\Cache), false)
 9 SYSTEMPATH\Boot.php(325): CodeIgniter\CodeIgniter->run()
10 SYSTEMPATH\Boot.php(67): CodeIgniter\Boot::runCodeIgniter(Object(CodeIgniter\CodeIgniter))
11 FCPATH\index.php(56): CodeIgniter\Boot::bootWeb(Object(Config\Paths))
12 SYSTEMPATH\rewrite.php(44): require_once('C:\\wamp64\\www\\uas_BasdatWpf\\ci4\\public\\index.php')
INFO - 2024-11-26 02:15:22 --> Session: Class initialized using 'CodeIgniter\Session\Handlers\FileHandler' driver.
CRITICAL - 2024-11-26 02:15:22 --> ErrorException: Undefined variable $itemsWithBids
[Method: GET, Route: /]
in APPPATH\Views\lelang\index.php on line 33.
 1 APPPATH\Views\lelang\index.php(33): CodeIgniter\Debug\Exceptions->errorHandler(2, 'Undefined variable $itemsWithBids', 'C:\\wamp64\\www\\uas_BasdatWpf\\ci4\\app\\Views\\lelang\\index.php', 33)
 2 SYSTEMPATH\View\View.php(234): include('C:\\wamp64\\www\\uas_BasdatWpf\\ci4\\app\\Views\\lelang\\index.php')
 3 SYSTEMPATH\View\View.php(237): CodeIgniter\View\View->CodeIgniter\View\{closure}()
 4 SYSTEMPATH\Common.php(1171): CodeIgniter\View\View->render('lelang/index', [], true)
 5 APPPATH\Controllers\Lelang.php(17): view('lelang/index', [...])
 6 SYSTEMPATH\CodeIgniter.php(933): App\Controllers\Lelang->index()
 7 SYSTEMPATH\CodeIgniter.php(509): CodeIgniter\CodeIgniter->runController(Object(App\Controllers\Lelang))
 8 SYSTEMPATH\CodeIgniter.php(355): CodeIgniter\CodeIgniter->handleRequest(null, Object(Config\Cache), false)
 9 SYSTEMPATH\Boot.php(325): CodeIgniter\CodeIgniter->run()
10 SYSTEMPATH\Boot.php(67): CodeIgniter\Boot::runCodeIgniter(Object(CodeIgniter\CodeIgniter))
11 FCPATH\index.php(56): CodeIgniter\Boot::bootWeb(Object(Config\Paths))
12 SYSTEMPATH\rewrite.php(44): require_once('C:\\wamp64\\www\\uas_BasdatWpf\\ci4\\public\\index.php')
INFO - 2024-11-26 02:15:29 --> Session: Class initialized using 'CodeIgniter\Session\Handlers\FileHandler' driver.
CRITICAL - 2024-11-26 02:15:29 --> ErrorException: Undefined variable $bidModel
[Method: GET, Route: /]
in APPPATH\Views\lelang\index.php on line 42.
 1 APPPATH\Views\lelang\index.php(42): CodeIgniter\Debug\Exceptions->errorHandler(2, 'Undefined variable $bidModel', 'C:\\wamp64\\www\\uas_BasdatWpf\\ci4\\app\\Views\\lelang\\index.php', 42)
 2 SYSTEMPATH\View\View.php(234): include('C:\\wamp64\\www\\uas_BasdatWpf\\ci4\\app\\Views\\lelang\\index.php')
 3 SYSTEMPATH\View\View.php(237): CodeIgniter\View\View->CodeIgniter\View\{closure}()
 4 SYSTEMPATH\Common.php(1171): CodeIgniter\View\View->render('lelang/index', [], true)
 5 APPPATH\Controllers\Lelang.php(17): view('lelang/index', [...])
 6 SYSTEMPATH\CodeIgniter.php(933): App\Controllers\Lelang->index()
 7 SYSTEMPATH\CodeIgniter.php(509): CodeIgniter\CodeIgniter->runController(Object(App\Controllers\Lelang))
 8 SYSTEMPATH\CodeIgniter.php(355): CodeIgniter\CodeIgniter->handleRequest(null, Object(Config\Cache), false)
 9 SYSTEMPATH\Boot.php(325): CodeIgniter\CodeIgniter->run()
10 SYSTEMPATH\Boot.php(67): CodeIgniter\Boot::runCodeIgniter(Object(CodeIgniter\CodeIgniter))
11 FCPATH\index.php(56): CodeIgniter\Boot::bootWeb(Object(Config\Paths))
12 SYSTEMPATH\rewrite.php(44): require_once('C:\\wamp64\\www\\uas_BasdatWpf\\ci4\\public\\index.php')
INFO - 2024-11-26 02:15:46 --> Session: Class initialized using 'CodeIgniter\Session\Handlers\FileHandler' driver.
CRITICAL - 2024-11-26 02:15:46 --> ErrorException: Undefined variable $itemsWithBids
[Method: GET, Route: /]
in APPPATH\Views\lelang\index.php on line 33.
 1 APPPATH\Views\lelang\index.php(33): CodeIgniter\Debug\Exceptions->errorHandler(2, 'Undefined variable $itemsWithBids', 'C:\\wamp64\\www\\uas_BasdatWpf\\ci4\\app\\Views\\lelang\\index.php', 33)
 2 SYSTEMPATH\View\View.php(234): include('C:\\wamp64\\www\\uas_BasdatWpf\\ci4\\app\\Views\\lelang\\index.php')
 3 SYSTEMPATH\View\View.php(237): CodeIgniter\View\View->CodeIgniter\View\{closure}()
 4 SYSTEMPATH\Common.php(1171): CodeIgniter\View\View->render('lelang/index', [], true)
 5 APPPATH\Controllers\Lelang.php(17): view('lelang/index', [...])
 6 SYSTEMPATH\CodeIgniter.php(933): App\Controllers\Lelang->index()
 7 SYSTEMPATH\CodeIgniter.php(509): CodeIgniter\CodeIgniter->runController(Object(App\Controllers\Lelang))
 8 SYSTEMPATH\CodeIgniter.php(355): CodeIgniter\CodeIgniter->handleRequest(null, Object(Config\Cache), false)
 9 SYSTEMPATH\Boot.php(325): CodeIgniter\CodeIgniter->run()
10 SYSTEMPATH\Boot.php(67): CodeIgniter\Boot::runCodeIgniter(Object(CodeIgniter\CodeIgniter))
11 FCPATH\index.php(56): CodeIgniter\Boot::bootWeb(Object(Config\Paths))
12 SYSTEMPATH\rewrite.php(44): require_once('C:\\wamp64\\www\\uas_BasdatWpf\\ci4\\public\\index.php')
INFO - 2024-11-26 02:17:00 --> Session: Class initialized using 'CodeIgniter\Session\Handlers\FileHandler' driver.
CRITICAL - 2024-11-26 02:17:00 --> ErrorException: Undefined array key "start_time"
[Method: GET, Route: /]
in APPPATH\Views\lelang\index.php on line 46.
 1 APPPATH\Views\lelang\index.php(46): CodeIgniter\Debug\Exceptions->errorHandler(2, 'Undefined array key "start_time"', 'C:\\wamp64\\www\\uas_BasdatWpf\\ci4\\app\\Views\\lelang\\index.php', 46)
 2 SYSTEMPATH\View\View.php(234): include('C:\\wamp64\\www\\uas_BasdatWpf\\ci4\\app\\Views\\lelang\\index.php')
 3 SYSTEMPATH\View\View.php(237): CodeIgniter\View\View->CodeIgniter\View\{closure}()
 4 SYSTEMPATH\Common.php(1171): CodeIgniter\View\View->render('lelang/index', [], true)
 5 APPPATH\Controllers\Lelang.php(34): view('lelang/index', [...])
 6 SYSTEMPATH\CodeIgniter.php(933): App\Controllers\Lelang->index()
 7 SYSTEMPATH\CodeIgniter.php(509): CodeIgniter\CodeIgniter->runController(Object(App\Controllers\Lelang))
 8 SYSTEMPATH\CodeIgniter.php(355): CodeIgniter\CodeIgniter->handleRequest(null, Object(Config\Cache), false)
 9 SYSTEMPATH\Boot.php(325): CodeIgniter\CodeIgniter->run()
10 SYSTEMPATH\Boot.php(67): CodeIgniter\Boot::runCodeIgniter(Object(CodeIgniter\CodeIgniter))
11 FCPATH\index.php(56): CodeIgniter\Boot::bootWeb(Object(Config\Paths))
12 SYSTEMPATH\rewrite.php(44): require_once('C:\\wamp64\\www\\uas_BasdatWpf\\ci4\\public\\index.php')
INFO - 2024-11-26 02:17:33 --> Session: Class initialized using 'CodeIgniter\Session\Handlers\FileHandler' driver.
CRITICAL - 2024-11-26 02:17:33 --> ErrorException: Undefined array key "start_time"
[Method: GET, Route: /]
in APPPATH\Views\lelang\index.php on line 47.
 1 APPPATH\Views\lelang\index.php(47): CodeIgniter\Debug\Exceptions->errorHandler(2, 'Undefined array key "start_time"', 'C:\\wamp64\\www\\uas_BasdatWpf\\ci4\\app\\Views\\lelang\\index.php', 47)
 2 SYSTEMPATH\View\View.php(234): include('C:\\wamp64\\www\\uas_BasdatWpf\\ci4\\app\\Views\\lelang\\index.php')
 3 SYSTEMPATH\View\View.php(237): CodeIgniter\View\View->CodeIgniter\View\{closure}()
 4 SYSTEMPATH\Common.php(1171): CodeIgniter\View\View->render('lelang/index', [], true)
 5 APPPATH\Controllers\Lelang.php(34): view('lelang/index', [...])
 6 SYSTEMPATH\CodeIgniter.php(933): App\Controllers\Lelang->index()
 7 SYSTEMPATH\CodeIgniter.php(509): CodeIgniter\CodeIgniter->runController(Object(App\Controllers\Lelang))
 8 SYSTEMPATH\CodeIgniter.php(355): CodeIgniter\CodeIgniter->handleRequest(null, Object(Config\Cache), false)
 9 SYSTEMPATH\Boot.php(325): CodeIgniter\CodeIgniter->run()
10 SYSTEMPATH\Boot.php(67): CodeIgniter\Boot::runCodeIgniter(Object(CodeIgniter\CodeIgniter))
11 FCPATH\index.php(56): CodeIgniter\Boot::bootWeb(Object(Config\Paths))
12 SYSTEMPATH\rewrite.php(44): require_once('C:\\wamp64\\www\\uas_BasdatWpf\\ci4\\public\\index.php')
INFO - 2024-11-26 02:18:35 --> Session: Class initialized using 'CodeIgniter\Session\Handlers\FileHandler' driver.
CRITICAL - 2024-11-26 02:18:35 --> ErrorException: Undefined array key "product"
[Method: GET, Route: /]
in APPPATH\Views\lelang\index.php on line 47.
 1 APPPATH\Views\lelang\index.php(47): CodeIgniter\Debug\Exceptions->errorHandler(2, 'Undefined array key "product"', 'C:\\wamp64\\www\\uas_BasdatWpf\\ci4\\app\\Views\\lelang\\index.php', 47)
 2 SYSTEMPATH\View\View.php(234): include('C:\\wamp64\\www\\uas_BasdatWpf\\ci4\\app\\Views\\lelang\\index.php')
 3 SYSTEMPATH\View\View.php(237): CodeIgniter\View\View->CodeIgniter\View\{closure}()
 4 SYSTEMPATH\Common.php(1171): CodeIgniter\View\View->render('lelang/index', [], true)
 5 APPPATH\Controllers\Lelang.php(34): view('lelang/index', [...])
 6 SYSTEMPATH\CodeIgniter.php(933): App\Controllers\Lelang->index()
 7 SYSTEMPATH\CodeIgniter.php(509): CodeIgniter\CodeIgniter->runController(Object(App\Controllers\Lelang))
 8 SYSTEMPATH\CodeIgniter.php(355): CodeIgniter\CodeIgniter->handleRequest(null, Object(Config\Cache), false)
 9 SYSTEMPATH\Boot.php(325): CodeIgniter\CodeIgniter->run()
10 SYSTEMPATH\Boot.php(67): CodeIgniter\Boot::runCodeIgniter(Object(CodeIgniter\CodeIgniter))
11 FCPATH\index.php(56): CodeIgniter\Boot::bootWeb(Object(Config\Paths))
12 SYSTEMPATH\rewrite.php(44): require_once('C:\\wamp64\\www\\uas_BasdatWpf\\ci4\\public\\index.php')
INFO - 2024-11-26 02:18:40 --> Session: Class initialized using 'CodeIgniter\Session\Handlers\FileHandler' driver.
CRITICAL - 2024-11-26 02:18:40 --> ErrorException: Undefined array key "products"
[Method: GET, Route: /]
in APPPATH\Views\lelang\index.php on line 47.
 1 APPPATH\Views\lelang\index.php(47): CodeIgniter\Debug\Exceptions->errorHandler(2, 'Undefined array key "products"', 'C:\\wamp64\\www\\uas_BasdatWpf\\ci4\\app\\Views\\lelang\\index.php', 47)
 2 SYSTEMPATH\View\View.php(234): include('C:\\wamp64\\www\\uas_BasdatWpf\\ci4\\app\\Views\\lelang\\index.php')
 3 SYSTEMPATH\View\View.php(237): CodeIgniter\View\View->CodeIgniter\View\{closure}()
 4 SYSTEMPATH\Common.php(1171): CodeIgniter\View\View->render('lelang/index', [], true)
 5 APPPATH\Controllers\Lelang.php(34): view('lelang/index', [...])
 6 SYSTEMPATH\CodeIgniter.php(933): App\Controllers\Lelang->index()
 7 SYSTEMPATH\CodeIgniter.php(509): CodeIgniter\CodeIgniter->runController(Object(App\Controllers\Lelang))
 8 SYSTEMPATH\CodeIgniter.php(355): CodeIgniter\CodeIgniter->handleRequest(null, Object(Config\Cache), false)
 9 SYSTEMPATH\Boot.php(325): CodeIgniter\CodeIgniter->run()
10 SYSTEMPATH\Boot.php(67): CodeIgniter\Boot::runCodeIgniter(Object(CodeIgniter\CodeIgniter))
11 FCPATH\index.php(56): CodeIgniter\Boot::bootWeb(Object(Config\Paths))
12 SYSTEMPATH\rewrite.php(44): require_once('C:\\wamp64\\www\\uas_BasdatWpf\\ci4\\public\\index.php')
INFO - 2024-11-26 02:18:51 --> Session: Class initialized using 'CodeIgniter\Session\Handlers\FileHandler' driver.
CRITICAL - 2024-11-26 02:18:51 --> ErrorException: Undefined array key "Product"
[Method: GET, Route: /]
in APPPATH\Views\lelang\index.php on line 47.
 1 APPPATH\Views\lelang\index.php(47): CodeIgniter\Debug\Exceptions->errorHandler(2, 'Undefined array key "Product"', 'C:\\wamp64\\www\\uas_BasdatWpf\\ci4\\app\\Views\\lelang\\index.php', 47)
 2 SYSTEMPATH\View\View.php(234): include('C:\\wamp64\\www\\uas_BasdatWpf\\ci4\\app\\Views\\lelang\\index.php')
 3 SYSTEMPATH\View\View.php(237): CodeIgniter\View\View->CodeIgniter\View\{closure}()
 4 SYSTEMPATH\Common.php(1171): CodeIgniter\View\View->render('lelang/index', [], true)
 5 APPPATH\Controllers\Lelang.php(34): view('lelang/index', [...])
 6 SYSTEMPATH\CodeIgniter.php(933): App\Controllers\Lelang->index()
 7 SYSTEMPATH\CodeIgniter.php(509): CodeIgniter\CodeIgniter->runController(Object(App\Controllers\Lelang))
 8 SYSTEMPATH\CodeIgniter.php(355): CodeIgniter\CodeIgniter->handleRequest(null, Object(Config\Cache), false)
 9 SYSTEMPATH\Boot.php(325): CodeIgniter\CodeIgniter->run()
10 SYSTEMPATH\Boot.php(67): CodeIgniter\Boot::runCodeIgniter(Object(CodeIgniter\CodeIgniter))
11 FCPATH\index.php(56): CodeIgniter\Boot::bootWeb(Object(Config\Paths))
12 SYSTEMPATH\rewrite.php(44): require_once('C:\\wamp64\\www\\uas_BasdatWpf\\ci4\\public\\index.php')
INFO - 2024-11-26 02:19:04 --> Session: Class initialized using 'CodeIgniter\Session\Handlers\FileHandler' driver.
CRITICAL - 2024-11-26 02:19:04 --> ErrorException: Undefined array key "Product"
[Method: GET, Route: /]
in APPPATH\Views\lelang\index.php on line 47.
 1 APPPATH\Views\lelang\index.php(47): CodeIgniter\Debug\Exceptions->errorHandler(2, 'Undefined array key "Product"', 'C:\\wamp64\\www\\uas_BasdatWpf\\ci4\\app\\Views\\lelang\\index.php', 47)
 2 SYSTEMPATH\View\View.php(234): include('C:\\wamp64\\www\\uas_BasdatWpf\\ci4\\app\\Views\\lelang\\index.php')
 3 SYSTEMPATH\View\View.php(237): CodeIgniter\View\View->CodeIgniter\View\{closure}()
 4 SYSTEMPATH\Common.php(1171): CodeIgniter\View\View->render('lelang/index', [], true)
 5 APPPATH\Controllers\Lelang.php(34): view('lelang/index', [...])
 6 SYSTEMPATH\CodeIgniter.php(933): App\Controllers\Lelang->index()
 7 SYSTEMPATH\CodeIgniter.php(509): CodeIgniter\CodeIgniter->runController(Object(App\Controllers\Lelang))
 8 SYSTEMPATH\CodeIgniter.php(355): CodeIgniter\CodeIgniter->handleRequest(null, Object(Config\Cache), false)
 9 SYSTEMPATH\Boot.php(325): CodeIgniter\CodeIgniter->run()
10 SYSTEMPATH\Boot.php(67): CodeIgniter\Boot::runCodeIgniter(Object(CodeIgniter\CodeIgniter))
11 FCPATH\index.php(56): CodeIgniter\Boot::bootWeb(Object(Config\Paths))
12 SYSTEMPATH\rewrite.php(44): require_once('C:\\wamp64\\www\\uas_BasdatWpf\\ci4\\public\\index.php')
INFO - 2024-11-26 02:19:10 --> Session: Class initialized using 'CodeIgniter\Session\Handlers\FileHandler' driver.
CRITICAL - 2024-11-26 02:19:10 --> ErrorException: Undefined array key "start_time"
[Method: GET, Route: /]
in APPPATH\Views\lelang\index.php on line 47.
 1 APPPATH\Views\lelang\index.php(47): CodeIgniter\Debug\Exceptions->errorHandler(2, 'Undefined array key "start_time"', 'C:\\wamp64\\www\\uas_BasdatWpf\\ci4\\app\\Views\\lelang\\index.php', 47)
 2 SYSTEMPATH\View\View.php(234): include('C:\\wamp64\\www\\uas_BasdatWpf\\ci4\\app\\Views\\lelang\\index.php')
 3 SYSTEMPATH\View\View.php(237): CodeIgniter\View\View->CodeIgniter\View\{closure}()
 4 SYSTEMPATH\Common.php(1171): CodeIgniter\View\View->render('lelang/index', [], true)
 5 APPPATH\Controllers\Lelang.php(34): view('lelang/index', [...])
 6 SYSTEMPATH\CodeIgniter.php(933): App\Controllers\Lelang->index()
 7 SYSTEMPATH\CodeIgniter.php(509): CodeIgniter\CodeIgniter->runController(Object(App\Controllers\Lelang))
 8 SYSTEMPATH\CodeIgniter.php(355): CodeIgniter\CodeIgniter->handleRequest(null, Object(Config\Cache), false)
 9 SYSTEMPATH\Boot.php(325): CodeIgniter\CodeIgniter->run()
10 SYSTEMPATH\Boot.php(67): CodeIgniter\Boot::runCodeIgniter(Object(CodeIgniter\CodeIgniter))
11 FCPATH\index.php(56): CodeIgniter\Boot::bootWeb(Object(Config\Paths))
12 SYSTEMPATH\rewrite.php(44): require_once('C:\\wamp64\\www\\uas_BasdatWpf\\ci4\\public\\index.php')
INFO - 2024-11-26 02:20:06 --> Session: Class initialized using 'CodeIgniter\Session\Handlers\FileHandler' driver.
INFO - 2024-11-26 02:20:52 --> Session: Class initialized using 'CodeIgniter\Session\Handlers\FileHandler' driver.
INFO - 2024-11-26 02:21:05 --> Session: Class initialized using 'CodeIgniter\Session\Handlers\FileHandler' driver.
CRITICAL - 2024-11-26 02:21:50 --> CodeIgniter\Database\Exceptions\DataException: There is no data to update.
[Method: GET, Route: lelang/view/3]
in SYSTEMPATH\BaseModel.php on line 1011.
 1 SYSTEMPATH\BaseModel.php(1011): CodeIgniter\Database\Exceptions\DataException::forEmptyDataset('update')
 2 SYSTEMPATH\Model.php(865): CodeIgniter\BaseModel->update([...], [])
 3 APPPATH\Controllers\Lelang.php(70): CodeIgniter\Model->update('3', [...])
 4 SYSTEMPATH\CodeIgniter.php(933): App\Controllers\Lelang->view('3')
 5 SYSTEMPATH\CodeIgniter.php(509): CodeIgniter\CodeIgniter->runController(Object(App\Controllers\Lelang))
 6 SYSTEMPATH\CodeIgniter.php(355): CodeIgniter\CodeIgniter->handleRequest(null, Object(Config\Cache), false)
 7 SYSTEMPATH\Boot.php(325): CodeIgniter\CodeIgniter->run()
 8 SYSTEMPATH\Boot.php(67): CodeIgniter\Boot::runCodeIgniter(Object(CodeIgniter\CodeIgniter))
 9 FCPATH\index.php(56): CodeIgniter\Boot::bootWeb(Object(Config\Paths))
10 SYSTEMPATH\rewrite.php(44): require_once('C:\\wamp64\\www\\uas_BasdatWpf\\ci4\\public\\index.php')
INFO - 2024-11-26 02:21:53 --> Session: Class initialized using 'CodeIgniter\Session\Handlers\FileHandler' driver.
CRITICAL - 2024-11-26 02:21:56 --> CodeIgniter\Database\Exceptions\DataException: There is no data to update.
[Method: GET, Route: lelang/view/3]
in SYSTEMPATH\BaseModel.php on line 1011.
 1 SYSTEMPATH\BaseModel.php(1011): CodeIgniter\Database\Exceptions\DataException::forEmptyDataset('update')
 2 SYSTEMPATH\Model.php(865): CodeIgniter\BaseModel->update([...], [])
 3 APPPATH\Controllers\Lelang.php(70): CodeIgniter\Model->update('3', [...])
 4 SYSTEMPATH\CodeIgniter.php(933): App\Controllers\Lelang->view('3')
 5 SYSTEMPATH\CodeIgniter.php(509): CodeIgniter\CodeIgniter->runController(Object(App\Controllers\Lelang))
 6 SYSTEMPATH\CodeIgniter.php(355): CodeIgniter\CodeIgniter->handleRequest(null, Object(Config\Cache), false)
 7 SYSTEMPATH\Boot.php(325): CodeIgniter\CodeIgniter->run()
 8 SYSTEMPATH\Boot.php(67): CodeIgniter\Boot::runCodeIgniter(Object(CodeIgniter\CodeIgniter))
 9 FCPATH\index.php(56): CodeIgniter\Boot::bootWeb(Object(Config\Paths))
10 SYSTEMPATH\rewrite.php(44): require_once('C:\\wamp64\\www\\uas_BasdatWpf\\ci4\\public\\index.php')
CRITICAL - 2024-11-26 02:39:15 --> ErrorException: Undefined array key "start_time"
[Method: GET, Route: lelang/view/1]
in APPPATH\Views\lelang\view.php on line 9.
 1 APPPATH\Views\lelang\view.php(9): CodeIgniter\Debug\Exceptions->errorHandler(2, 'Undefined array key "start_time"', 'C:\\wamp64\\www\\uas_BasdatWpf\\ci4\\app\\Views\\lelang\\view.php', 9)
 2 SYSTEMPATH\View\View.php(234): include('C:\\wamp64\\www\\uas_BasdatWpf\\ci4\\app\\Views\\lelang\\view.php')
 3 SYSTEMPATH\View\View.php(237): CodeIgniter\View\View->CodeIgniter\View\{closure}()
 4 SYSTEMPATH\Common.php(1171): CodeIgniter\View\View->render('lelang/view', [], true)
 5 APPPATH\Controllers\Lelang.php(73): view('lelang/view', [...])
 6 SYSTEMPATH\CodeIgniter.php(933): App\Controllers\Lelang->view('1')
 7 SYSTEMPATH\CodeIgniter.php(509): CodeIgniter\CodeIgniter->runController(Object(App\Controllers\Lelang))
 8 SYSTEMPATH\CodeIgniter.php(355): CodeIgniter\CodeIgniter->handleRequest(null, Object(Config\Cache), false)
 9 SYSTEMPATH\Boot.php(325): CodeIgniter\CodeIgniter->run()
10 SYSTEMPATH\Boot.php(67): CodeIgniter\Boot::runCodeIgniter(Object(CodeIgniter\CodeIgniter))
11 FCPATH\index.php(56): CodeIgniter\Boot::bootWeb(Object(Config\Paths))
12 SYSTEMPATH\rewrite.php(44): require_once('C:\\wamp64\\www\\uas_BasdatWpf\\ci4\\public\\index.php')
INFO - 2024-11-26 02:39:33 --> Session: Class initialized using 'CodeIgniter\Session\Handlers\FileHandler' driver.
INFO - 2024-11-26 02:39:42 --> Session: Class initialized using 'CodeIgniter\Session\Handlers\FileHandler' driver.
CRITICAL - 2024-11-26 02:39:44 --> CodeIgniter\Database\Exceptions\DataException: There is no data to update.
[Method: GET, Route: lelang/view/3]
in SYSTEMPATH\BaseModel.php on line 1011.
 1 SYSTEMPATH\BaseModel.php(1011): CodeIgniter\Database\Exceptions\DataException::forEmptyDataset('update')
 2 SYSTEMPATH\Model.php(865): CodeIgniter\BaseModel->update([...], [])
 3 APPPATH\Controllers\Lelang.php(70): CodeIgniter\Model->update('3', [...])
 4 SYSTEMPATH\CodeIgniter.php(933): App\Controllers\Lelang->view('3')
 5 SYSTEMPATH\CodeIgniter.php(509): CodeIgniter\CodeIgniter->runController(Object(App\Controllers\Lelang))
 6 SYSTEMPATH\CodeIgniter.php(355): CodeIgniter\CodeIgniter->handleRequest(null, Object(Config\Cache), false)
 7 SYSTEMPATH\Boot.php(325): CodeIgniter\CodeIgniter->run()
 8 SYSTEMPATH\Boot.php(67): CodeIgniter\Boot::runCodeIgniter(Object(CodeIgniter\CodeIgniter))
 9 FCPATH\index.php(56): CodeIgniter\Boot::bootWeb(Object(Config\Paths))
10 SYSTEMPATH\rewrite.php(44): require_once('C:\\wamp64\\www\\uas_BasdatWpf\\ci4\\public\\index.php')
INFO - 2024-11-26 02:40:09 --> Session: Class initialized using 'CodeIgniter\Session\Handlers\FileHandler' driver.
INFO - 2024-11-26 02:40:17 --> Session: Class initialized using 'CodeIgniter\Session\Handlers\FileHandler' driver.
INFO - 2024-11-26 02:40:19 --> Session: Class initialized using 'CodeIgniter\Session\Handlers\FileHandler' driver.
INFO - 2024-11-26 02:40:22 --> Session: Class initialized using 'CodeIgniter\Session\Handlers\FileHandler' driver.
INFO - 2024-11-26 02:40:49 --> Session: Class initialized using 'CodeIgniter\Session\Handlers\FileHandler' driver.
INFO - 2024-11-26 02:41:12 --> Session: Class initialized using 'CodeIgniter\Session\Handlers\FileHandler' driver.
INFO - 2024-11-26 02:41:14 --> Session: Class initialized using 'CodeIgniter\Session\Handlers\FileHandler' driver.
INFO - 2024-11-26 02:41:16 --> Session: Class initialized using 'CodeIgniter\Session\Handlers\FileHandler' driver.
INFO - 2024-11-26 02:41:18 --> Session: Class initialized using 'CodeIgniter\Session\Handlers\FileHandler' driver.
INFO - 2024-11-26 02:41:19 --> Session: Class initialized using 'CodeIgniter\Session\Handlers\FileHandler' driver.
INFO - 2024-11-26 02:41:21 --> Session: Class initialized using 'CodeIgniter\Session\Handlers\FileHandler' driver.
INFO - 2024-11-26 02:41:28 --> Session: Class initialized using 'CodeIgniter\Session\Handlers\FileHandler' driver.
INFO - 2024-11-26 02:41:30 --> Session: Class initialized using 'CodeIgniter\Session\Handlers\FileHandler' driver.
CRITICAL - 2024-11-26 02:41:31 --> CodeIgniter\Database\Exceptions\DataException: There is no data to update.
[Method: GET, Route: lelang/view/3]
in SYSTEMPATH\BaseModel.php on line 1011.
 1 SYSTEMPATH\BaseModel.php(1011): CodeIgniter\Database\Exceptions\DataException::forEmptyDataset('update')
 2 SYSTEMPATH\Model.php(865): CodeIgniter\BaseModel->update([...], [])
 3 APPPATH\Controllers\Lelang.php(70): CodeIgniter\Model->update('3', [...])
 4 SYSTEMPATH\CodeIgniter.php(933): App\Controllers\Lelang->view('3')
 5 SYSTEMPATH\CodeIgniter.php(509): CodeIgniter\CodeIgniter->runController(Object(App\Controllers\Lelang))
 6 SYSTEMPATH\CodeIgniter.php(355): CodeIgniter\CodeIgniter->handleRequest(null, Object(Config\Cache), false)
 7 SYSTEMPATH\Boot.php(325): CodeIgniter\CodeIgniter->run()
 8 SYSTEMPATH\Boot.php(67): CodeIgniter\Boot::runCodeIgniter(Object(CodeIgniter\CodeIgniter))
 9 FCPATH\index.php(56): CodeIgniter\Boot::bootWeb(Object(Config\Paths))
10 SYSTEMPATH\rewrite.php(44): require_once('C:\\wamp64\\www\\uas_BasdatWpf\\ci4\\public\\index.php')
INFO - 2024-11-26 02:41:35 --> Session: Class initialized using 'CodeIgniter\Session\Handlers\FileHandler' driver.
INFO - 2024-11-26 02:41:50 --> Session: Class initialized using 'CodeIgniter\Session\Handlers\FileHandler' driver.
INFO - 2024-11-26 02:42:03 --> Session: Class initialized using 'CodeIgniter\Session\Handlers\FileHandler' driver.
INFO - 2024-11-26 02:42:09 --> Session: Class initialized using 'CodeIgniter\Session\Handlers\FileHandler' driver.
INFO - 2024-11-26 02:43:16 --> Session: Class initialized using 'CodeIgniter\Session\Handlers\FileHandler' driver.
INFO - 2024-11-26 02:43:18 --> Session: Class initialized using 'CodeIgniter\Session\Handlers\FileHandler' driver.
INFO - 2024-11-26 02:43:21 --> Session: Class initialized using 'CodeIgniter\Session\Handlers\FileHandler' driver.
CRITICAL - 2024-11-26 02:52:22 --> CodeIgniter\Database\Exceptions\DataException: There is no data to update.
[Method: GET, Route: lelang/view/3]
in SYSTEMPATH\BaseModel.php on line 1011.
 1 SYSTEMPATH\BaseModel.php(1011): CodeIgniter\Database\Exceptions\DataException::forEmptyDataset('update')
 2 SYSTEMPATH\Model.php(865): CodeIgniter\BaseModel->update([...], [])
 3 APPPATH\Controllers\Lelang.php(70): CodeIgniter\Model->update('3', [...])
 4 SYSTEMPATH\CodeIgniter.php(933): App\Controllers\Lelang->view('3')
 5 SYSTEMPATH\CodeIgniter.php(509): CodeIgniter\CodeIgniter->runController(Object(App\Controllers\Lelang))
 6 SYSTEMPATH\CodeIgniter.php(355): CodeIgniter\CodeIgniter->handleRequest(null, Object(Config\Cache), false)
 7 SYSTEMPATH\Boot.php(325): CodeIgniter\CodeIgniter->run()
 8 SYSTEMPATH\Boot.php(67): CodeIgniter\Boot::runCodeIgniter(Object(CodeIgniter\CodeIgniter))
 9 FCPATH\index.php(56): CodeIgniter\Boot::bootWeb(Object(Config\Paths))
10 SYSTEMPATH\rewrite.php(44): require_once('C:\\wamp64\\www\\uas_BasdatWpf\\ci4\\public\\index.php')
INFO - 2024-11-26 05:09:47 --> Session: Class initialized using 'CodeIgniter\Session\Handlers\FileHandler' driver.
INFO - 2024-11-26 07:41:38 --> Session: Class initialized using 'CodeIgniter\Session\Handlers\FileHandler' driver.
INFO - 2024-11-26 07:41:41 --> Session: Class initialized using 'CodeIgniter\Session\Handlers\FileHandler' driver.
INFO - 2024-11-26 07:41:46 --> Session: Class initialized using 'CodeIgniter\Session\Handlers\FileHandler' driver.
INFO - 2024-11-26 07:41:46 --> Session: Class initialized using 'CodeIgniter\Session\Handlers\FileHandler' driver.
INFO - 2024-11-26 07:43:02 --> Session: Class initialized using 'CodeIgniter\Session\Handlers\FileHandler' driver.
CRITICAL - 2024-11-26 07:43:09 --> CodeIgniter\Database\Exceptions\DataException: There is no data to update.
[Method: GET, Route: lelang/view/4]
in SYSTEMPATH\BaseModel.php on line 1011.
 1 SYSTEMPATH\BaseModel.php(1011): CodeIgniter\Database\Exceptions\DataException::forEmptyDataset('update')
 2 SYSTEMPATH\Model.php(865): CodeIgniter\BaseModel->update([...], [])
 3 APPPATH\Controllers\Lelang.php(70): CodeIgniter\Model->update('4', [...])
 4 SYSTEMPATH\CodeIgniter.php(933): App\Controllers\Lelang->view('4')
 5 SYSTEMPATH\CodeIgniter.php(509): CodeIgniter\CodeIgniter->runController(Object(App\Controllers\Lelang))
 6 SYSTEMPATH\CodeIgniter.php(355): CodeIgniter\CodeIgniter->handleRequest(null, Object(Config\Cache), false)
 7 SYSTEMPATH\Boot.php(325): CodeIgniter\CodeIgniter->run()
 8 SYSTEMPATH\Boot.php(67): CodeIgniter\Boot::runCodeIgniter(Object(CodeIgniter\CodeIgniter))
 9 FCPATH\index.php(56): CodeIgniter\Boot::bootWeb(Object(Config\Paths))
10 SYSTEMPATH\rewrite.php(44): require_once('C:\\wamp64\\www\\uas_BasdatWpf\\ci4\\public\\index.php')
INFO - 2024-11-26 07:43:27 --> Session: Class initialized using 'CodeIgniter\Session\Handlers\FileHandler' driver.
INFO - 2024-11-26 07:43:28 --> Session: Class initialized using 'CodeIgniter\Session\Handlers\FileHandler' driver.
INFO - 2024-11-26 07:43:31 --> Session: Class initialized using 'CodeIgniter\Session\Handlers\FileHandler' driver.
INFO - 2024-11-26 07:48:34 --> Session: Class initialized using 'CodeIgniter\Session\Handlers\FileHandler' driver.
INFO - 2024-11-26 07:50:59 --> Session: Class initialized using 'CodeIgniter\Session\Handlers\FileHandler' driver.
INFO - 2024-11-26 07:57:53 --> Session: Class initialized using 'CodeIgniter\Session\Handlers\FileHandler' driver.
INFO - 2024-11-26 08:00:00 --> Session: Class initialized using 'CodeIgniter\Session\Handlers\FileHandler' driver.
INFO - 2024-11-26 08:00:07 --> Session: Class initialized using 'CodeIgniter\Session\Handlers\FileHandler' driver.
INFO - 2024-11-26 08:00:08 --> Session: Class initialized using 'CodeIgniter\Session\Handlers\FileHandler' driver.
INFO - 2024-11-26 08:00:14 --> Session: Class initialized using 'CodeIgniter\Session\Handlers\FileHandler' driver.
INFO - 2024-11-26 08:00:14 --> Session: Class initialized using 'CodeIgniter\Session\Handlers\FileHandler' driver.
INFO - 2024-11-26 08:00:22 --> Session: Class initialized using 'CodeIgniter\Session\Handlers\FileHandler' driver.
INFO - 2024-11-26 08:00:22 --> Session: Class initialized using 'CodeIgniter\Session\Handlers\FileHandler' driver.
INFO - 2024-11-26 08:01:04 --> Session: Class initialized using 'CodeIgniter\Session\Handlers\FileHandler' driver.
INFO - 2024-11-26 08:01:11 --> Session: Class initialized using 'CodeIgniter\Session\Handlers\FileHandler' driver.
INFO - 2024-11-26 08:01:11 --> Session: Class initialized using 'CodeIgniter\Session\Handlers\FileHandler' driver.
INFO - 2024-11-26 08:01:14 --> Session: Class initialized using 'CodeIgniter\Session\Handlers\FileHandler' driver.
INFO - 2024-11-26 08:01:44 --> Session: Class initialized using 'CodeIgniter\Session\Handlers\FileHandler' driver.
INFO - 2024-11-26 08:01:44 --> Session: Class initialized using 'CodeIgniter\Session\Handlers\FileHandler' driver.
INFO - 2024-11-26 08:01:46 --> Session: Class initialized using 'CodeIgniter\Session\Handlers\FileHandler' driver.
INFO - 2024-11-26 08:01:58 --> Session: Class initialized using 'CodeIgniter\Session\Handlers\FileHandler' driver.
INFO - 2024-11-26 08:01:59 --> Session: Class initialized using 'CodeIgniter\Session\Handlers\FileHandler' driver.
INFO - 2024-11-26 08:02:05 --> Session: Class initialized using 'CodeIgniter\Session\Handlers\FileHandler' driver.
INFO - 2024-11-26 08:02:05 --> Session: Class initialized using 'CodeIgniter\Session\Handlers\FileHandler' driver.
INFO - 2024-11-26 08:02:11 --> Session: Class initialized using 'CodeIgniter\Session\Handlers\FileHandler' driver.
INFO - 2024-11-26 08:02:39 --> Session: Class initialized using 'CodeIgniter\Session\Handlers\FileHandler' driver.
INFO - 2024-11-26 08:02:39 --> Session: Class initialized using 'CodeIgniter\Session\Handlers\FileHandler' driver.
CRITICAL - 2024-11-26 23:45:50 --> CodeIgniter\Database\Exceptions\DataException: There is no data to update.
[Method: GET, Route: lelang/view/3]
in SYSTEMPATH\BaseModel.php on line 1011.
 1 SYSTEMPATH\BaseModel.php(1011): CodeIgniter\Database\Exceptions\DataException::forEmptyDataset('update')
 2 SYSTEMPATH\Model.php(865): CodeIgniter\BaseModel->update([...], [])
 3 APPPATH\Controllers\Lelang.php(70): CodeIgniter\Model->update('3', [...])
 4 SYSTEMPATH\CodeIgniter.php(933): App\Controllers\Lelang->view('3')
 5 SYSTEMPATH\CodeIgniter.php(509): CodeIgniter\CodeIgniter->runController(Object(App\Controllers\Lelang))
 6 SYSTEMPATH\CodeIgniter.php(355): CodeIgniter\CodeIgniter->handleRequest(null, Object(Config\Cache), false)
 7 SYSTEMPATH\Boot.php(325): CodeIgniter\CodeIgniter->run()
 8 SYSTEMPATH\Boot.php(67): CodeIgniter\Boot::runCodeIgniter(Object(CodeIgniter\CodeIgniter))
 9 FCPATH\index.php(56): CodeIgniter\Boot::bootWeb(Object(Config\Paths))
10 SYSTEMPATH\rewrite.php(44): require_once('C:\\wamp64\\www\\uas_BasdatWpf\\ci4\\public\\index.php')
CRITICAL - 2024-11-26 23:45:52 --> CodeIgniter\Database\Exceptions\DataException: There is no data to update.
[Method: GET, Route: lelang/view/3]
in SYSTEMPATH\BaseModel.php on line 1011.
 1 SYSTEMPATH\BaseModel.php(1011): CodeIgniter\Database\Exceptions\DataException::forEmptyDataset('update')
 2 SYSTEMPATH\Model.php(865): CodeIgniter\BaseModel->update([...], [])
 3 APPPATH\Controllers\Lelang.php(70): CodeIgniter\Model->update('3', [...])
 4 SYSTEMPATH\CodeIgniter.php(933): App\Controllers\Lelang->view('3')
 5 SYSTEMPATH\CodeIgniter.php(509): CodeIgniter\CodeIgniter->runController(Object(App\Controllers\Lelang))
 6 SYSTEMPATH\CodeIgniter.php(355): CodeIgniter\CodeIgniter->handleRequest(null, Object(Config\Cache), false)
 7 SYSTEMPATH\Boot.php(325): CodeIgniter\CodeIgniter->run()
 8 SYSTEMPATH\Boot.php(67): CodeIgniter\Boot::runCodeIgniter(Object(CodeIgniter\CodeIgniter))
 9 FCPATH\index.php(56): CodeIgniter\Boot::bootWeb(Object(Config\Paths))
10 SYSTEMPATH\rewrite.php(44): require_once('C:\\wamp64\\www\\uas_BasdatWpf\\ci4\\public\\index.php')
CRITICAL - 2024-11-26 23:46:40 --> CodeIgniter\Database\Exceptions\DataException: There is no data to update.
[Method: GET, Route: lelang/view/3]
in SYSTEMPATH\BaseModel.php on line 1011.
 1 SYSTEMPATH\BaseModel.php(1011): CodeIgniter\Database\Exceptions\DataException::forEmptyDataset('update')
 2 SYSTEMPATH\Model.php(865): CodeIgniter\BaseModel->update([...], [])
 3 APPPATH\Controllers\Lelang.php(70): CodeIgniter\Model->update('3', [...])
 4 SYSTEMPATH\CodeIgniter.php(933): App\Controllers\Lelang->view('3')
 5 SYSTEMPATH\CodeIgniter.php(509): CodeIgniter\CodeIgniter->runController(Object(App\Controllers\Lelang))
 6 SYSTEMPATH\CodeIgniter.php(355): CodeIgniter\CodeIgniter->handleRequest(null, Object(Config\Cache), false)
 7 SYSTEMPATH\Boot.php(325): CodeIgniter\CodeIgniter->run()
 8 SYSTEMPATH\Boot.php(67): CodeIgniter\Boot::runCodeIgniter(Object(CodeIgniter\CodeIgniter))
 9 FCPATH\index.php(56): CodeIgniter\Boot::bootWeb(Object(Config\Paths))
10 SYSTEMPATH\rewrite.php(44): require_once('C:\\wamp64\\www\\uas_BasdatWpf\\ci4\\public\\index.php')
CRITICAL - 2024-11-26 23:56:42 --> CodeIgniter\Database\Exceptions\DataException: There is no data to update.
[Method: GET, Route: lelang/view/3]
in SYSTEMPATH\BaseModel.php on line 1011.
 1 SYSTEMPATH\BaseModel.php(1011): CodeIgniter\Database\Exceptions\DataException::forEmptyDataset('update')
 2 SYSTEMPATH\Model.php(865): CodeIgniter\BaseModel->update([...], [])
 3 APPPATH\Controllers\Lelang.php(70): CodeIgniter\Model->update('3', [...])
 4 SYSTEMPATH\CodeIgniter.php(933): App\Controllers\Lelang->view('3')
 5 SYSTEMPATH\CodeIgniter.php(509): CodeIgniter\CodeIgniter->runController(Object(App\Controllers\Lelang))
 6 SYSTEMPATH\CodeIgniter.php(355): CodeIgniter\CodeIgniter->handleRequest(null, Object(Config\Cache), false)
 7 SYSTEMPATH\Boot.php(325): CodeIgniter\CodeIgniter->run()
 8 SYSTEMPATH\Boot.php(67): CodeIgniter\Boot::runCodeIgniter(Object(CodeIgniter\CodeIgniter))
 9 FCPATH\index.php(56): CodeIgniter\Boot::bootWeb(Object(Config\Paths))
10 SYSTEMPATH\rewrite.php(44): require_once('C:\\wamp64\\www\\uas_BasdatWpf\\ci4\\public\\index.php')
CRITICAL - 2024-11-26 23:56:43 --> CodeIgniter\Database\Exceptions\DataException: There is no data to update.
[Method: GET, Route: lelang/view/3]
in SYSTEMPATH\BaseModel.php on line 1011.
 1 SYSTEMPATH\BaseModel.php(1011): CodeIgniter\Database\Exceptions\DataException::forEmptyDataset('update')
 2 SYSTEMPATH\Model.php(865): CodeIgniter\BaseModel->update([...], [])
 3 APPPATH\Controllers\Lelang.php(70): CodeIgniter\Model->update('3', [...])
 4 SYSTEMPATH\CodeIgniter.php(933): App\Controllers\Lelang->view('3')
 5 SYSTEMPATH\CodeIgniter.php(509): CodeIgniter\CodeIgniter->runController(Object(App\Controllers\Lelang))
 6 SYSTEMPATH\CodeIgniter.php(355): CodeIgniter\CodeIgniter->handleRequest(null, Object(Config\Cache), false)
 7 SYSTEMPATH\Boot.php(325): CodeIgniter\CodeIgniter->run()
 8 SYSTEMPATH\Boot.php(67): CodeIgniter\Boot::runCodeIgniter(Object(CodeIgniter\CodeIgniter))
 9 FCPATH\index.php(56): CodeIgniter\Boot::bootWeb(Object(Config\Paths))
10 SYSTEMPATH\rewrite.php(44): require_once('C:\\wamp64\\www\\uas_BasdatWpf\\ci4\\public\\index.php')
